Using pre-set license
Built from '2022.3/staging' branch; Version is '2022.3.7f1 (b16b3b16c7a0) revision 11627323'; Using compiler version '192829333'; Build Type 'Release'
OS: 'Windows 10  (10.0.19045) 64bit Core' Language: 'ja' Physical Memory: 15971 MB
BatchMode: 1, IsHumanControllingUs: 0, StartBugReporterOnCrash: 0, Is64bit: 1, IsPro: 1

COMMAND LINE ARGUMENTS:
C:\Program Files\Unity\Hub\Editor\2022.3.7f1\Editor\Unity.exe
-adb2
-batchMode
-noUpm
-name
AssetImportWorker2
-projectPath
C:/Users/makiy/OneDrive/デスクトップ/Picture_Books_Main/seens2
-logFile
Logs/AssetImportWorker2.log
-srvPort
61053
Successfully changed project path to: C:/Users/makiy/OneDrive/デスクトップ/Picture_Books_Main/seens2
C:/Users/makiy/OneDrive/デスクトップ/Picture_Books_Main/seens2
[UnityMemory] Configuration Parameters - Can be set up in boot.config
    "memorysetup-bucket-allocator-granularity=16"
    "memorysetup-bucket-allocator-bucket-count=8"
    "memorysetup-bucket-allocator-block-size=33554432"
    "memorysetup-bucket-allocator-block-count=8"
    "memorysetup-main-allocator-block-size=16777216"
    "memorysetup-thread-allocator-block-size=16777216"
    "memorysetup-gfx-main-allocator-block-size=16777216"
    "memorysetup-gfx-thread-allocator-block-size=16777216"
    "memorysetup-cache-allocator-block-size=4194304"
    "memorysetup-typetree-allocator-block-size=2097152"
    "memorysetup-profiler-bucket-allocator-granularity=16"
    "memorysetup-profiler-bucket-allocator-bucket-count=8"
    "memorysetup-profiler-bucket-allocator-block-size=33554432"
    "memorysetup-profiler-bucket-allocator-block-count=8"
    "memorysetup-profiler-allocator-block-size=16777216"
    "memorysetup-profiler-editor-allocator-block-size=1048576"
    "memorysetup-temp-allocator-size-main=16777216"
    "memorysetup-job-temp-allocator-block-size=2097152"
    "memorysetup-job-temp-allocator-block-size-background=1048576"
    "memorysetup-job-temp-allocator-reduction-small-platforms=262144"
    "memorysetup-allocator-temp-initial-block-size-main=262144"
    "memorysetup-allocator-temp-initial-block-size-worker=262144"
    "memorysetup-temp-allocator-size-background-worker=32768"
    "memorysetup-temp-allocator-size-job-worker=262144"
    "memorysetup-temp-allocator-size-preload-manager=33554432"
    "memorysetup-temp-allocator-size-nav-mesh-worker=65536"
    "memorysetup-temp-allocator-size-audio-worker=65536"
    "memorysetup-temp-allocator-size-cloud-worker=32768"
    "memorysetup-temp-allocator-size-gi-baking-worker=262144"
    "memorysetup-temp-allocator-size-gfx=262144"
Player connection [15556] Host "[IP] 192.168.12.213 [Port] 0 [Flags] 2 [Guid] 5446351 [EditorId] 5446351 [Version] 1048832 [Id] WindowsEditor(7,DESKTOP-2LLT2NT) [Debug] 1 [PackageName] WindowsEditor [ProjectName] Editor" joined multi-casting on [225.0.0.222:54997]...

Player connection [15556] Host "[IP] 192.168.12.213 [Port] 0 [Flags] 2 [Guid] 5446351 [EditorId] 5446351 [Version] 1048832 [Id] WindowsEditor(7,DESKTOP-2LLT2NT) [Debug] 1 [PackageName] WindowsEditor [ProjectName] Editor" joined alternative multi-casting on [225.0.0.222:34997]...

Refreshing native plugins compatible for Editor in 9.11 ms, found 3 plugins.
Preloading 0 native plugins for Editor in 0.00 ms.
Initialize engine version: 2022.3.7f1 (b16b3b16c7a0)
[Subsystems] Discovering subsystems at path C:/Program Files/Unity/Hub/Editor/2022.3.7f1/Editor/Data/Resources/UnitySubsystems
[Subsystems] Discovering subsystems at path C:/Users/makiy/OneDrive/デスクトップ/Picture_Books_Main/seens2/Assets
GfxDevice: creating device client; threaded=0; jobified=0
Direct3D:
    Version:  Direct3D 11.0 [level 11.1]
    Renderer: NVIDIA GeForce RTX 3060 Laptop GPU (ID=0x2520)
    Vendor:   NVIDIA
    VRAM:     6009 MB
    Driver:   31.0.15.3179
Initialize mono
Mono path[0] = 'C:/Program Files/Unity/Hub/Editor/2022.3.7f1/Editor/Data/Managed'
Mono path[1] = 'C:/Program Files/Unity/Hub/Editor/2022.3.7f1/Editor/Data/MonoBleedingEdge/lib/mono/unityjit-win32'
Mono config path = 'C:/Program Files/Unity/Hub/Editor/2022.3.7f1/Editor/Data/MonoBleedingEdge/etc'
Using monoOptions --debugger-agent=transport=dt_socket,embedding=1,server=y,suspend=n,address=127.0.0.1:56644
Begin MonoManager ReloadAssembly
Registering precompiled unity dll's ...
Register platform support module: C:/Program Files/Unity/Hub/Editor/2022.3.7f1/Editor/Data/PlaybackEngines/WindowsStandaloneSupport/UnityEditor.WindowsStandalone.Extensions.dll
Registered in 0.011949 seconds.
- Loaded All Assemblies, in  0.449 seconds
Native extension for WindowsStandalone target not found
Mono: successfully reloaded assembly
- Finished resetting the current domain, in  0.265 seconds
Domain Reload Profiling: 712ms
	BeginReloadAssembly (131ms)
		ExecutionOrderSort (0ms)
		DisableScriptedObjects (0ms)
		BackupInstance (0ms)
		ReleaseScriptingObjects (0ms)
		CreateAndSetChildDomain (1ms)
	RebuildCommonClasses (36ms)
	RebuildNativeTypeToScriptingClass (11ms)
	initialDomainReloadingComplete (62ms)
	LoadAllAssembliesAndSetupDomain (206ms)
		LoadAssemblies (128ms)
		RebuildTransferFunctionScriptingTraits (0ms)
		AnalyzeDomain (204ms)
			TypeCache.Refresh (203ms)
				TypeCache.ScanAssembly (185ms)
			ScanForSourceGeneratedMonoScriptInfo (0ms)
			ResolveRequiredComponents (0ms)
	FinalizeReload (266ms)
		ReleaseScriptCaches (0ms)
		RebuildScriptCaches (0ms)
		SetupLoadedEditorAssemblies (191ms)
			LogAssemblyErrors (0ms)
			InitializePlatformSupportModulesInManaged (12ms)
			SetLoadedEditorAssemblies (8ms)
			RefreshPlugins (0ms)
			BeforeProcessingInitializeOnLoad (2ms)
			ProcessInitializeOnLoadAttributes (120ms)
			ProcessInitializeOnLoadMethodAttributes (49ms)
			AfterProcessingInitializeOnLoad (0ms)
			EditorAssembliesLoaded (0ms)
		ExecutionOrderSort2 (0ms)
		AwakeInstancesAfterBackupRestoration (0ms)
========================================================================
Worker process is ready to serve import requests
Begin MonoManager ReloadAssembly
- Loaded All Assemblies, in  0.650 seconds
Refreshing native plugins compatible for Editor in 3.84 ms, found 3 plugins.
Native extension for WindowsStandalone target not found
Package Manager log level set to [2]
[Package Manager] Server::EnsureServerProcessIsRunning -- launch failed, reason: Unity was launched with the -noUpm command-line argument
[Package Manager] UpmClient::Send -- Unable to send message (not connected to UPM process).
[Package Manager] Cannot connect to Unity Package Manager local server
Mono: successfully reloaded assembly
- Finished resetting the current domain, in  0.586 seconds
Domain Reload Profiling: 1233ms
	BeginReloadAssembly (143ms)
		ExecutionOrderSort (0ms)
		DisableScriptedObjects (6ms)
		BackupInstance (0ms)
		ReleaseScriptingObjects (0ms)
		CreateAndSetChildDomain (23ms)
	RebuildCommonClasses (32ms)
	RebuildNativeTypeToScriptingClass (10ms)
	initialDomainReloadingComplete (40ms)
	LoadAllAssembliesAndSetupDomain (421ms)
		LoadAssemblies (336ms)
		RebuildTransferFunctionScriptingTraits (0ms)
		AnalyzeDomain (167ms)
			TypeCache.Refresh (148ms)
				TypeCache.ScanAssembly (128ms)
			ScanForSourceGeneratedMonoScriptInfo (13ms)
			ResolveRequiredComponents (5ms)
	FinalizeReload (586ms)
		ReleaseScriptCaches (0ms)
		RebuildScriptCaches (0ms)
		SetupLoadedEditorAssemblies (429ms)
			LogAssemblyErrors (0ms)
			InitializePlatformSupportModulesInManaged (6ms)
			SetLoadedEditorAssemblies (6ms)
			RefreshPlugins (0ms)
			BeforeProcessingInitializeOnLoad (84ms)
			ProcessInitializeOnLoadAttributes (306ms)
			ProcessInitializeOnLoadMethodAttributes (18ms)
			AfterProcessingInitializeOnLoad (10ms)
			EditorAssembliesLoaded (0ms)
		ExecutionOrderSort2 (0ms)
		AwakeInstancesAfterBackupRestoration (7ms)
Launched and connected shader compiler UnityShaderCompiler.exe after 0.10 seconds
Refreshing native plugins compatible for Editor in 4.42 ms, found 3 plugins.
Preloading 0 native plugins for Editor in 0.00 ms.
Unloading 3149 Unused Serialized files (Serialized files now loaded: 0)
Unloading 31 unused Assets / (56.4 KB). Loaded Objects now: 3613.
Memory consumption went from 124.6 MB to 124.5 MB.
Total: 5.659700 ms (FindLiveObjects: 0.515700 ms CreateObjectMapping: 0.300200 ms MarkObjects: 4.655100 ms  DeleteObjects: 0.187400 ms)

AssetImportParameters requested are different than current active one (requested -> active):
  custom:container-demuxer-ogg: 62fdf1f143b41e24485cea50d1cbac27 -> 
  custom:video-codec-MediaFoundation-h265: 746d11721c4dcdbdad8f713fa42b33f4 -> 
  custom:video-decoder-ogg-theora: a1e56fd34408186e4bbccfd4996cb3dc -> 
  custom:framework-win-MediaFoundation: 216162199b28c13a410421893ffa2e32 -> 
  custom:container-demuxer-webm: 4f35f7cbe854078d1ac9338744f61a02 -> 
  custom:container-muxer-webm: aa71ff27fc2769a1b78a27578f13a17b -> 
  custom:video-decoder-webm-vp8: 9c59270c3fd7afecdb556c50c9e8de78 -> 
  custom:AudioImporter_EditorPlatform: d09bf68614088b80899f8185d706f6e7 -> 
  custom:video-encoder-webm-vp8: eb34c28f22e8b96e1ab97ce403110664 -> 
  custom:audio-decoder-ogg-vorbis: bf7c407c2cedff20999df2af8eb42d56 -> 
  custom:audio-encoder-webm-vorbis: bf7c407c2cedff20999df2af8eb42d56 -> 
========================================================================
Received Import Request.
  Time since last request: 990.153848 seconds.
  path: Assets/Tree.prefab
  artifactKey: Guid(33fa891bc5cc42a418be636ee072b40a) Importer(815301076,1909f56bfc062723c751e8b465ee728b)
Start importing Assets/Tree.prefab using Guid(33fa891bc5cc42a418be636ee072b40a) Importer(815301076,1909f56bfc062723c751e8b465ee728b)  -> (artifact id: '0523733986fb532099b07dbcd8388ee5') in 0.730430 seconds
Number of updated asset objects reloaded before import = 0
Number of asset objects unloaded after import = 15
========================================================================
Received Prepare
Refreshing native plugins compatible for Editor in 5.70 ms, found 3 plugins.
Preloading 0 native plugins for Editor in 0.00 ms.
Unloading 0 Unused Serialized files (Serialized files now loaded: 0)
Unloading 1 unused Assets / (0.8 KB). Loaded Objects now: 3662.
Memory consumption went from 77.5 MB to 77.5 MB.
Total: 4.679700 ms (FindLiveObjects: 0.407900 ms CreateObjectMapping: 0.225000 ms MarkObjects: 3.976100 ms  DeleteObjects: 0.069800 ms)

Prepare: number of updated asset objects reloaded= 0
AssetImportParameters requested are different than current active one (requested -> active):
  custom:container-demuxer-ogg: 62fdf1f143b41e24485cea50d1cbac27 -> 
  custom:video-codec-MediaFoundation-h265: 746d11721c4dcdbdad8f713fa42b33f4 -> 
  custom:video-decoder-ogg-theora: a1e56fd34408186e4bbccfd4996cb3dc -> 
  custom:framework-win-MediaFoundation: 216162199b28c13a410421893ffa2e32 -> 
  custom:CustomObjectIndexerAttribute: 756ad292c208cfabdd7b50bc23989ffe -> 
  custom:container-demuxer-webm: 4f35f7cbe854078d1ac9338744f61a02 -> 
  custom:container-muxer-webm: aa71ff27fc2769a1b78a27578f13a17b -> 
  custom:video-decoder-webm-vp8: 9c59270c3fd7afecdb556c50c9e8de78 -> 
  custom:SearchIndexIgnoredProperties: e643bd26f0fe6173181afceb89e7c659 -> 
  custom:AudioImporter_EditorPlatform: d09bf68614088b80899f8185d706f6e7 -> 
  custom:video-encoder-webm-vp8: eb34c28f22e8b96e1ab97ce403110664 -> 
  custom:audio-decoder-ogg-vorbis: bf7c407c2cedff20999df2af8eb42d56 -> 
  custom:audio-encoder-webm-vorbis: bf7c407c2cedff20999df2af8eb42d56 -> 
========================================================================
Received Import Request.
  Time since last request: 56.403472 seconds.
  path: Assets/ningyohimeassets
  artifactKey: Guid(157f0a7f1dcbb9649b19c8244d54273f) Importer(815301076,1909f56bfc062723c751e8b465ee728b)
Start importing Assets/ningyohimeassets using Guid(157f0a7f1dcbb9649b19c8244d54273f) Importer(815301076,1909f56bfc062723c751e8b465ee728b)  -> (artifact id: '90c37a76d145d20dc0e20569564c34e1') in 0.002606 seconds
Number of updated asset objects reloaded before import = 0
Number of asset objects unloaded after import = 0
========================================================================
Received Import Request.
  Time since last request: 0.298343 seconds.
  path: Assets/ningyohimeassets/ane1.png
  artifactKey: Guid(ecd02e84df3c65f4897b328147ade4b0) Importer(815301076,1909f56bfc062723c751e8b465ee728b)
Start importing Assets/ningyohimeassets/ane1.png using Guid(ecd02e84df3c65f4897b328147ade4b0) Importer(815301076,1909f56bfc062723c751e8b465ee728b)  -> (artifact id: '5254580c1c10f80358357f71f825b5d2') in 0.058221 seconds
Number of updated asset objects reloaded before import = 0
Number of asset objects unloaded after import = 2
========================================================================
Received Import Request.
  Time since last request: 0.000019 seconds.
  path: Assets/ningyohimeassets/ouji 1.png
  artifactKey: Guid(eacf21eddebcf6e45ba95e07e1eaba88) Importer(815301076,1909f56bfc062723c751e8b465ee728b)
Start importing Assets/ningyohimeassets/ouji 1.png using Guid(eacf21eddebcf6e45ba95e07e1eaba88) Importer(815301076,1909f56bfc062723c751e8b465ee728b)  -> (artifact id: 'd2cb07ccddebdf3fa9baac0ec4a14ae8') in 0.026851 seconds
Number of updated asset objects reloaded before import = 0
Number of asset objects unloaded after import = 2
========================================================================
Received Import Request.
  Time since last request: 0.000039 seconds.
  path: Assets/ningyohimeassets/ouji.png
  artifactKey: Guid(968fc7615a3de964ca21e84c53270c24) Importer(815301076,1909f56bfc062723c751e8b465ee728b)
Start importing Assets/ningyohimeassets/ouji.png using Guid(968fc7615a3de964ca21e84c53270c24) Importer(815301076,1909f56bfc062723c751e8b465ee728b)  -> (artifact id: '9b96d72fd80616da2a4ef41e3bc44095') in 0.047735 seconds
Number of updated asset objects reloaded before import = 0
Number of asset objects unloaded after import = 3
========================================================================
Received Import Request.
  Time since last request: 8.003940 seconds.
  path: Assets/ningyohimeassets/majyo.png
  artifactKey: Guid(b389ca39c13e43144a944e3adab0a7c5) Importer(815301076,1909f56bfc062723c751e8b465ee728b)
Start importing Assets/ningyohimeassets/majyo.png using Guid(b389ca39c13e43144a944e3adab0a7c5) Importer(815301076,1909f56bfc062723c751e8b465ee728b)  -> (artifact id: '27c241a4b4255d730885f13e70c6c7ac') in 0.042039 seconds
Number of updated asset objects reloaded before import = 0
Number of asset objects unloaded after import = 3
========================================================================
Received Import Request.
  Time since last request: 44.284257 seconds.
  path: Assets/jouyou
  artifactKey: Guid(3b2776aa5ecadda40a74cf52253217c4) Importer(815301076,1909f56bfc062723c751e8b465ee728b)
Start importing Assets/jouyou using Guid(3b2776aa5ecadda40a74cf52253217c4) Importer(815301076,1909f56bfc062723c751e8b465ee728b)  -> (artifact id: 'c1df05a34948cb053af06dff6cf1e67b') in 0.000821 seconds
Number of updated asset objects reloaded before import = 0
Number of asset objects unloaded after import = 0
========================================================================
Received Import Request.
  Time since last request: 0.908533 seconds.
  path: Assets/jouyou/Canvas.prefab
  artifactKey: Guid(3f3418f589317f84eb77ede8ad7b78e2) Importer(815301076,1909f56bfc062723c751e8b465ee728b)
Start importing Assets/jouyou/Canvas.prefab using Guid(3f3418f589317f84eb77ede8ad7b78e2) Importer(815301076,1909f56bfc062723c751e8b465ee728b)  -> (artifact id: '997c7f1ca62c515419b72186569c8143') in 0.228060 seconds
Number of updated asset objects reloaded before import = 0
Number of asset objects unloaded after import = 40
========================================================================
Received Import Request.
  Time since last request: 66.001243 seconds.
  path: Assets/assets_α1
  artifactKey: Guid(5c03d13625e1f294e9fbe94dad22f557) Importer(815301076,1909f56bfc062723c751e8b465ee728b)
Start importing Assets/assets_α1 using Guid(5c03d13625e1f294e9fbe94dad22f557) Importer(815301076,1909f56bfc062723c751e8b465ee728b)  -> (artifact id: '6c42046e18ce6977f36cfca3256d9dc3') in 0.001247 seconds
Number of updated asset objects reloaded before import = 0
Number of asset objects unloaded after import = 0
========================================================================
Received Import Request.
  Time since last request: 0.183032 seconds.
  path: Assets/assets_α1/bui.png
  artifactKey: Guid(53e375d65b7228d40ad79ffd3da3b29a) Importer(815301076,1909f56bfc062723c751e8b465ee728b)
Start importing Assets/assets_α1/bui.png using Guid(53e375d65b7228d40ad79ffd3da3b29a) Importer(815301076,1909f56bfc062723c751e8b465ee728b)  -> (artifact id: '5d309f63e936831ca20b44b8adae0618') in 0.035534 seconds
Number of updated asset objects reloaded before import = 0
Number of asset objects unloaded after import = 2
========================================================================
Received Import Request.
  Time since last request: 0.000020 seconds.
  path: Assets/assets_α1/ship_mast.fbx
  artifactKey: Guid(86e822cb741b60a4d9ddcc7e662d5ea0) Importer(815301076,1909f56bfc062723c751e8b465ee728b)
Start importing Assets/assets_α1/ship_mast.fbx using Guid(86e822cb741b60a4d9ddcc7e662d5ea0) Importer(815301076,1909f56bfc062723c751e8b465ee728b)  -> (artifact id: '8c43c39236fc238d55b9d556a2227f34') in 0.039339 seconds
Number of updated asset objects reloaded before import = 0
Number of asset objects unloaded after import = 10
========================================================================
Received Import Request.
  Time since last request: 0.000019 seconds.
  path: Assets/assets_α1/ship_back.fbx
  artifactKey: Guid(4a02e354aa43dc74ab6ffc09e69c3ae8) Importer(815301076,1909f56bfc062723c751e8b465ee728b)
Start importing Assets/assets_α1/ship_back.fbx using Guid(4a02e354aa43dc74ab6ffc09e69c3ae8) Importer(815301076,1909f56bfc062723c751e8b465ee728b)  -> (artifact id: 'eeb3744239dd7eba8faf7159bf660cf3') in 0.028446 seconds
Number of updated asset objects reloaded before import = 0
Number of asset objects unloaded after import = 10
========================================================================
Received Import Request.
  Time since last request: 7.099273 seconds.
  path: Assets/asetts_proto/bigstone1.fbx
  artifactKey: Guid(7ae1aac908f86c44ba0e33895973e0db) Importer(815301076,1909f56bfc062723c751e8b465ee728b)
Start importing Assets/asetts_proto/bigstone1.fbx using Guid(7ae1aac908f86c44ba0e33895973e0db) Importer(815301076,1909f56bfc062723c751e8b465ee728b)  -> (artifact id: '0391ef554f59fddf5ab24d7a3f0dcc13') in 0.032758 seconds
Number of updated asset objects reloaded before import = 0
Number of asset objects unloaded after import = 10
========================================================================
Received Import Request.
  Time since last request: 0.002638 seconds.
  path: Assets/asetts_proto/bigstone3.fbx
  artifactKey: Guid(8ce3db0b5d71ee14eadfcaa98aadae3b) Importer(815301076,1909f56bfc062723c751e8b465ee728b)
Start importing Assets/asetts_proto/bigstone3.fbx using Guid(8ce3db0b5d71ee14eadfcaa98aadae3b) Importer(815301076,1909f56bfc062723c751e8b465ee728b)  -> (artifact id: '3fdf748edf631b210229eb2429cbe351') in 0.030033 seconds
Number of updated asset objects reloaded before import = 0
Number of asset objects unloaded after import = 10
========================================================================
Received Import Request.
  Time since last request: 0.000024 seconds.
  path: Assets/asetts_proto/hitode1.png
  artifactKey: Guid(e49e200794166634896e5b878989bcac) Importer(815301076,1909f56bfc062723c751e8b465ee728b)
Start importing Assets/asetts_proto/hitode1.png using Guid(e49e200794166634896e5b878989bcac) Importer(815301076,1909f56bfc062723c751e8b465ee728b)  -> (artifact id: '4c5505666ecca38d94a8336803ab7067') in 0.027524 seconds
Number of updated asset objects reloaded before import = 0
Number of asset objects unloaded after import = 2
========================================================================
Received Import Request.
  Time since last request: 0.000034 seconds.
  path: Assets/asetts_proto/onabe.png
  artifactKey: Guid(493a92aff04a3ff418f869ef11cd1167) Importer(815301076,1909f56bfc062723c751e8b465ee728b)
Start importing Assets/asetts_proto/onabe.png using Guid(493a92aff04a3ff418f869ef11cd1167) Importer(815301076,1909f56bfc062723c751e8b465ee728b)  -> (artifact id: '3ab91486cd425026ff95dd8c25216b56') in 0.026442 seconds
Number of updated asset objects reloaded before import = 0
Number of asset objects unloaded after import = 2
========================================================================
Received Import Request.
  Time since last request: 0.000034 seconds.
  path: Assets/asetts_proto/hitode1.fbx
  artifactKey: Guid(37e99db7c9d16d14b89501b141c36835) Importer(815301076,1909f56bfc062723c751e8b465ee728b)
Start importing Assets/asetts_proto/hitode1.fbx using Guid(37e99db7c9d16d14b89501b141c36835) Importer(815301076,1909f56bfc062723c751e8b465ee728b)  -> (artifact id: '5df66f076a71d47fcc515fc812489425') in 0.017652 seconds
Number of updated asset objects reloaded before import = 0
Number of asset objects unloaded after import = 9
========================================================================
Received Import Request.
  Time since last request: 0.000016 seconds.
  path: Assets/asetts_proto/bigstone3_omote.mat
  artifactKey: Guid(0130fa6f79b49204fb6ec91a0bbfa789) Importer(815301076,1909f56bfc062723c751e8b465ee728b)
Start importing Assets/asetts_proto/bigstone3_omote.mat using Guid(0130fa6f79b49204fb6ec91a0bbfa789) Importer(815301076,1909f56bfc062723c751e8b465ee728b)  -> (artifact id: 'b44af3749b0ada33e947667f972e4354') in 0.016897 seconds
Number of updated asset objects reloaded before import = 0
Number of asset objects unloaded after import = 2
========================================================================
Received Import Request.
  Time since last request: 0.000016 seconds.
  path: Assets/asetts_proto/hitode2.mat
  artifactKey: Guid(5be6cf4d44c521b4793c12f2d2980afe) Importer(815301076,1909f56bfc062723c751e8b465ee728b)
Start importing Assets/asetts_proto/hitode2.mat using Guid(5be6cf4d44c521b4793c12f2d2980afe) Importer(815301076,1909f56bfc062723c751e8b465ee728b)  -> (artifact id: '1ec033e3d8921a3000d1ce65d17bb5d6') in 0.014027 seconds
Number of updated asset objects reloaded before import = 0
Number of asset objects unloaded after import = 2
========================================================================
Received Import Request.
  Time since last request: 0.000022 seconds.
  path: Assets/asetts_proto/mameido_player.png
  artifactKey: Guid(78cce511d6f1d454d906e8a8a8fdfbfd) Importer(815301076,1909f56bfc062723c751e8b465ee728b)
Start importing Assets/asetts_proto/mameido_player.png using Guid(78cce511d6f1d454d906e8a8a8fdfbfd) Importer(815301076,1909f56bfc062723c751e8b465ee728b)  -> (artifact id: '5112b44cdb1d2d2cc9d08ae300eba87b') in 0.029058 seconds
Number of updated asset objects reloaded before import = 0
Number of asset objects unloaded after import = 2
========================================================================
Received Import Request.
  Time since last request: 0.000191 seconds.
  path: Assets/asetts_proto/bigstone3_omote.png
  artifactKey: Guid(b95b21deb99a77442895a99a42d8b0ae) Importer(815301076,1909f56bfc062723c751e8b465ee728b)
Start importing Assets/asetts_proto/bigstone3_omote.png using Guid(b95b21deb99a77442895a99a42d8b0ae) Importer(815301076,1909f56bfc062723c751e8b465ee728b)  -> (artifact id: 'c5a246c82e590cb60dc68402b99d01ef') in 0.031148 seconds
Number of updated asset objects reloaded before import = 0
Number of asset objects unloaded after import = 2
========================================================================
Received Import Request.
  Time since last request: 330.708026 seconds.
  path: Assets/asetts_proto/Plane.prefab
  artifactKey: Guid(f0bac996e1470b44fbe714aa9068cb99) Importer(815301076,1909f56bfc062723c751e8b465ee728b)
Start importing Assets/asetts_proto/Plane.prefab using Guid(f0bac996e1470b44fbe714aa9068cb99) Importer(815301076,1909f56bfc062723c751e8b465ee728b)  -> (artifact id: '0f71cff13f19c5be0b6093ae11ed6e77') in 0.081751 seconds
Number of updated asset objects reloaded before import = 0
Number of asset objects unloaded after import = 7
========================================================================
Received Import Request.
  Time since last request: 180.767870 seconds.
  path: Assets/BijotoyajuAssets
  artifactKey: Guid(24ea91da55fdf694eaa28ce5b0085556) Importer(815301076,1909f56bfc062723c751e8b465ee728b)
Start importing Assets/BijotoyajuAssets using Guid(24ea91da55fdf694eaa28ce5b0085556) Importer(815301076,1909f56bfc062723c751e8b465ee728b)  -> (artifact id: '83b5f069febbe07725e8958036702946') in 0.000953 seconds
Number of updated asset objects reloaded before import = 0
Number of asset objects unloaded after import = 0
========================================================================
Received Import Request.
  Time since last request: 0.144232 seconds.
  path: Assets/BijotoyajuAssets/6691b3a1bb5c9577.png
  artifactKey: Guid(efeb0d1767c61f44683af53b81df81b5) Importer(815301076,1909f56bfc062723c751e8b465ee728b)
Start importing Assets/BijotoyajuAssets/6691b3a1bb5c9577.png using Guid(efeb0d1767c61f44683af53b81df81b5) Importer(815301076,1909f56bfc062723c751e8b465ee728b)  -> (artifact id: '003b7ecaf92234e56b54a7c61268fe70') in 0.036361 seconds
Number of updated asset objects reloaded before import = 0
Number of asset objects unloaded after import = 3
========================================================================
Received Import Request.
  Time since last request: 0.000033 seconds.
  path: Assets/BijotoyajuAssets/wi 1.png
  artifactKey: Guid(4d660b1a8f8302945a8837d240cbd6c7) Importer(815301076,1909f56bfc062723c751e8b465ee728b)
Start importing Assets/BijotoyajuAssets/wi 1.png using Guid(4d660b1a8f8302945a8837d240cbd6c7) Importer(815301076,1909f56bfc062723c751e8b465ee728b)  -> (artifact id: '01b873e01c3a36ffa424c54310fc7685') in 0.040466 seconds
Number of updated asset objects reloaded before import = 0
Number of asset objects unloaded after import = 3
========================================================================
Received Import Request.
  Time since last request: 0.000025 seconds.
  path: Assets/BijotoyajuAssets/wi.png
  artifactKey: Guid(62302e004a076ac40aeecdd5f677771a) Importer(815301076,1909f56bfc062723c751e8b465ee728b)
Start importing Assets/BijotoyajuAssets/wi.png using Guid(62302e004a076ac40aeecdd5f677771a) Importer(815301076,1909f56bfc062723c751e8b465ee728b)  -> (artifact id: '32579ef9af51bcbf4b5a566def0e62df') in 0.031203 seconds
Number of updated asset objects reloaded before import = 0
Number of asset objects unloaded after import = 2
========================================================================
Received Import Request.
  Time since last request: 0.000020 seconds.
  path: Assets/BijotoyajuAssets/stage1.fbx
  artifactKey: Guid(b0527710e2200fb4a9a722428a679c89) Importer(815301076,1909f56bfc062723c751e8b465ee728b)
Start importing Assets/BijotoyajuAssets/stage1.fbx using Guid(b0527710e2200fb4a9a722428a679c89) Importer(815301076,1909f56bfc062723c751e8b465ee728b)  -> (artifact id: '728248afa43a4e1c2205765d04ae4697') in 0.246012 seconds
Number of updated asset objects reloaded before import = 0
Number of asset objects unloaded after import = 74
========================================================================
Received Import Request.
  Time since last request: 35.558095 seconds.
  path: Assets/ningyohimeassets/matibito.png
  artifactKey: Guid(b505ed7480b92424aa5c1c3ecddfa7e1) Importer(815301076,1909f56bfc062723c751e8b465ee728b)
Start importing Assets/ningyohimeassets/matibito.png using Guid(b505ed7480b92424aa5c1c3ecddfa7e1) Importer(815301076,1909f56bfc062723c751e8b465ee728b)  -> (artifact id: '4c0fc2c1fe72bdc9939d00729e65d10f') in 0.028968 seconds
Number of updated asset objects reloaded before import = 0
Number of asset objects unloaded after import = 2
========================================================================
Received Import Request.
  Time since last request: 1.128586 seconds.
  path: Assets/ningyohimeassets/matimusume.png
  artifactKey: Guid(a3d4ff3a2ec50444ebb6036d5b445fe5) Importer(815301076,1909f56bfc062723c751e8b465ee728b)
Start importing Assets/ningyohimeassets/matimusume.png using Guid(a3d4ff3a2ec50444ebb6036d5b445fe5) Importer(815301076,1909f56bfc062723c751e8b465ee728b)  -> (artifact id: '1fca78c537dd56f77cadd2ab9e564a3a') in 0.082351 seconds
Number of updated asset objects reloaded before import = 0
Number of asset objects unloaded after import = 2
========================================================================
Received Import Request.
  Time since last request: 1.432652 seconds.
  path: Assets/ningyohimeassets/wrestler3.png
  artifactKey: Guid(7a2ae1e359351f74faf90072ed46e438) Importer(815301076,1909f56bfc062723c751e8b465ee728b)
Start importing Assets/ningyohimeassets/wrestler3.png using Guid(7a2ae1e359351f74faf90072ed46e438) Importer(815301076,1909f56bfc062723c751e8b465ee728b)  -> (artifact id: 'eebf7c023cac90e082f6403fe1fadd61') in 0.036648 seconds
Number of updated asset objects reloaded before import = 0
Number of asset objects unloaded after import = 2
========================================================================
Received Import Request.
  Time since last request: 1.230096 seconds.
  path: Assets/ningyohimeassets/wrestler2.png
  artifactKey: Guid(5ddfe59962e20bf44a3a83fed67b4c6c) Importer(815301076,1909f56bfc062723c751e8b465ee728b)
Start importing Assets/ningyohimeassets/wrestler2.png using Guid(5ddfe59962e20bf44a3a83fed67b4c6c) Importer(815301076,1909f56bfc062723c751e8b465ee728b)  -> (artifact id: '9d1748ad716f20b79187fbd9da4f942d') in 0.022523 seconds
Number of updated asset objects reloaded before import = 0
Number of asset objects unloaded after import = 2
========================================================================
Received Import Request.
  Time since last request: 1.194472 seconds.
  path: Assets/ningyohimeassets/wrestler1.png
  artifactKey: Guid(254a836160623c541bfbb6f485052670) Importer(815301076,1909f56bfc062723c751e8b465ee728b)
Start importing Assets/ningyohimeassets/wrestler1.png using Guid(254a836160623c541bfbb6f485052670) Importer(815301076,1909f56bfc062723c751e8b465ee728b)  -> (artifact id: 'da72e68f4f5a803245e18786bad9c271') in 0.024176 seconds
Number of updated asset objects reloaded before import = 0
Number of asset objects unloaded after import = 2
========================================================================
Received Import Request.
  Time since last request: 2.220381 seconds.
  path: Assets/ningyohimeassets/sakana3.png
  artifactKey: Guid(a6273c6411959e243afa9e5fed85b69e) Importer(815301076,1909f56bfc062723c751e8b465ee728b)
Start importing Assets/ningyohimeassets/sakana3.png using Guid(a6273c6411959e243afa9e5fed85b69e) Importer(815301076,1909f56bfc062723c751e8b465ee728b)  -> (artifact id: '56cb6f4ca62ffa862478f152ff546de8') in 0.021902 seconds
Number of updated asset objects reloaded before import = 0
Number of asset objects unloaded after import = 2
========================================================================
Received Import Request.
  Time since last request: 1.472907 seconds.
  path: Assets/ningyohimeassets/sakana1-2.png
  artifactKey: Guid(5a285ce8a75c24b40a58d3a44e5c0511) Importer(815301076,1909f56bfc062723c751e8b465ee728b)
Start importing Assets/ningyohimeassets/sakana1-2.png using Guid(5a285ce8a75c24b40a58d3a44e5c0511) Importer(815301076,1909f56bfc062723c751e8b465ee728b)  -> (artifact id: '3a2b9ac4827de116e53fb9c292027474') in 0.025123 seconds
Number of updated asset objects reloaded before import = 0
Number of asset objects unloaded after import = 2
========================================================================
Received Import Request.
  Time since last request: 4.489936 seconds.
  path: Assets/ningyohimeassets/heisi.png
  artifactKey: Guid(6b44cb8093a5941478b0dac93a5141d9) Importer(815301076,1909f56bfc062723c751e8b465ee728b)
Start importing Assets/ningyohimeassets/heisi.png using Guid(6b44cb8093a5941478b0dac93a5141d9) Importer(815301076,1909f56bfc062723c751e8b465ee728b)  -> (artifact id: 'd84e49237c24230a4469640cbcbc1383') in 0.021498 seconds
Number of updated asset objects reloaded before import = 0
Number of asset objects unloaded after import = 2
========================================================================
Received Import Request.
  Time since last request: 18.424646 seconds.
  path: Assets/ningyohimeassets/heisi.png
  artifactKey: Guid(6b44cb8093a5941478b0dac93a5141d9) Importer(815301076,1909f56bfc062723c751e8b465ee728b)
Start importing Assets/ningyohimeassets/heisi.png using Guid(6b44cb8093a5941478b0dac93a5141d9) Importer(815301076,1909f56bfc062723c751e8b465ee728b)  -> (artifact id: 'edffe0504236081af148919996860c41') in 0.033845 seconds
Number of updated asset objects reloaded before import = 0
Number of asset objects unloaded after import = 3
========================================================================
Received Import Request.
  Time since last request: 42.736134 seconds.
  path: Assets/ningyohimeassets/sakana1-2.png
  artifactKey: Guid(5a285ce8a75c24b40a58d3a44e5c0511) Importer(815301076,1909f56bfc062723c751e8b465ee728b)
Start importing Assets/ningyohimeassets/sakana1-2.png using Guid(5a285ce8a75c24b40a58d3a44e5c0511) Importer(815301076,1909f56bfc062723c751e8b465ee728b)  -> (artifact id: '31031a03d6848cd937db4a1cfc1b507e') in 0.026762 seconds
Number of updated asset objects reloaded before import = 0
Number of asset objects unloaded after import = 3
========================================================================
Received Import Request.
  Time since last request: 45.146220 seconds.
  path: Assets/Player.prefab
  artifactKey: Guid(29bd1220d9af601418e3cde8f3e17adb) Importer(815301076,1909f56bfc062723c751e8b465ee728b)
Start importing Assets/Player.prefab using Guid(29bd1220d9af601418e3cde8f3e17adb) Importer(815301076,1909f56bfc062723c751e8b465ee728b)  -> (artifact id: '9a488f15b16bc878fd57dbe39bea1dc1') in 0.220276 seconds
Number of updated asset objects reloaded before import = 0
Number of asset objects unloaded after import = 16
========================================================================
Received Import Request.
  Time since last request: 95.498834 seconds.
  path: Assets/ningyohimeassets/matibito.png
  artifactKey: Guid(b505ed7480b92424aa5c1c3ecddfa7e1) Importer(815301076,1909f56bfc062723c751e8b465ee728b)
Start importing Assets/ningyohimeassets/matibito.png using Guid(b505ed7480b92424aa5c1c3ecddfa7e1) Importer(815301076,1909f56bfc062723c751e8b465ee728b)  -> (artifact id: 'aa2b08954a920561c961ea05d53b0a79') in 0.035400 seconds
Number of updated asset objects reloaded before import = 0
Number of asset objects unloaded after import = 3
========================================================================
Received Import Request.
  Time since last request: 3.556836 seconds.
  path: Assets/ningyohimeassets/matimusume.png
  artifactKey: Guid(a3d4ff3a2ec50444ebb6036d5b445fe5) Importer(815301076,1909f56bfc062723c751e8b465ee728b)
Start importing Assets/ningyohimeassets/matimusume.png using Guid(a3d4ff3a2ec50444ebb6036d5b445fe5) Importer(815301076,1909f56bfc062723c751e8b465ee728b)  -> (artifact id: '32fe0d2c66c6a560012763e33a9c5c7d') in 0.036268 seconds
Number of updated asset objects reloaded before import = 0
Number of asset objects unloaded after import = 3
