Using pre-set license
Built from '2022.3/staging' branch; Version is '2022.3.7f1 (b16b3b16c7a0) revision 11627323'; Using compiler version '192829333'; Build Type 'Release'
OS: 'Windows 10  (10.0.19045) 64bit Core' Language: 'ja' Physical Memory: 15971 MB
BatchMode: 1, IsHumanControllingUs: 0, StartBugReporterOnCrash: 0, Is64bit: 1, IsPro: 1

COMMAND LINE ARGUMENTS:
C:\Program Files\Unity\Hub\Editor\2022.3.7f1\Editor\Unity.exe
-adb2
-batchMode
-noUpm
-name
AssetImportWorker0
-projectPath
C:/Users/makiy/OneDrive/ãƒ‡ã‚¹ã‚¯ãƒˆãƒƒãƒ—/Picture_Books_Main/seens2
-logFile
Logs/AssetImportWorker0.log
-srvPort
56937
Successfully changed project path to: C:/Users/makiy/OneDrive/ãƒ‡ã‚¹ã‚¯ãƒˆãƒƒãƒ—/Picture_Books_Main/seens2
C:/Users/makiy/OneDrive/ãƒ‡ã‚¹ã‚¯ãƒˆãƒƒãƒ—/Picture_Books_Main/seens2
[UnityMemory] Configuration Parameters - Can be set up in boot.config
    "memorysetup-bucket-allocator-granularity=16"
    "memorysetup-bucket-allocator-bucket-count=8"
    "memorysetup-bucket-allocator-block-size=33554432"
    "memorysetup-bucket-allocator-block-count=8"
    "memorysetup-main-allocator-block-size=16777216"
    "memorysetup-thread-allocator-block-size=16777216"
    "memorysetup-gfx-main-allocator-block-size=16777216"
    "memorysetup-gfx-thread-allocator-block-size=16777216"
    "memorysetup-cache-allocator-block-size=4194304"
    "memorysetup-typetree-allocator-block-size=2097152"
    "memorysetup-profiler-bucket-allocator-granularity=16"
    "memorysetup-profiler-bucket-allocator-bucket-count=8"
    "memorysetup-profiler-bucket-allocator-block-size=33554432"
    "memorysetup-profiler-bucket-allocator-block-count=8"
    "memorysetup-profiler-allocator-block-size=16777216"
    "memorysetup-profiler-editor-allocator-block-size=1048576"
    "memorysetup-temp-allocator-size-main=16777216"
    "memorysetup-job-temp-allocator-block-size=2097152"
    "memorysetup-job-temp-allocator-block-size-background=1048576"
    "memorysetup-job-temp-allocator-reduction-small-platforms=262144"
    "memorysetup-allocator-temp-initial-block-size-main=262144"
    "memorysetup-allocator-temp-initial-block-size-worker=262144"
    "memorysetup-temp-allocator-size-background-worker=32768"
    "memorysetup-temp-allocator-size-job-worker=262144"
    "memorysetup-temp-allocator-size-preload-manager=33554432"
    "memorysetup-temp-allocator-size-nav-mesh-worker=65536"
    "memorysetup-temp-allocator-size-audio-worker=65536"
    "memorysetup-temp-allocator-size-cloud-worker=32768"
    "memorysetup-temp-allocator-size-gi-baking-worker=262144"
    "memorysetup-temp-allocator-size-gfx=262144"
Player connection [30656] Host "[IP] 192.168.240.237 [Port] 0 [Flags] 2 [Guid] 1686760054 [EditorId] 1686760054 [Version] 1048832 [Id] WindowsEditor(7,DESKTOP-2LLT2NT) [Debug] 1 [PackageName] WindowsEditor [ProjectName] Editor" joined multi-casting on [225.0.0.222:54997]...

Player connection [30656] Host "[IP] 192.168.240.237 [Port] 0 [Flags] 2 [Guid] 1686760054 [EditorId] 1686760054 [Version] 1048832 [Id] WindowsEditor(7,DESKTOP-2LLT2NT) [Debug] 1 [PackageName] WindowsEditor [ProjectName] Editor" joined alternative multi-casting on [225.0.0.222:34997]...

Refreshing native plugins compatible for Editor in 10.26 ms, found 3 plugins.
Preloading 0 native plugins for Editor in 0.00 ms.
Initialize engine version: 2022.3.7f1 (b16b3b16c7a0)
[Subsystems] Discovering subsystems at path C:/Program Files/Unity/Hub/Editor/2022.3.7f1/Editor/Data/Resources/UnitySubsystems
[Subsystems] Discovering subsystems at path C:/Users/makiy/OneDrive/ãƒ‡ã‚¹ã‚¯ãƒˆãƒƒãƒ—/Picture_Books_Main/seens2/Assets
GfxDevice: creating device client; threaded=0; jobified=0
Direct3D:
    Version:  Direct3D 11.0 [level 11.1]
    Renderer: NVIDIA GeForce RTX 3060 Laptop GPU (ID=0x2520)
    Vendor:   NVIDIA
    VRAM:     6009 MB
    Driver:   31.0.15.3179
Initialize mono
Mono path[0] = 'C:/Program Files/Unity/Hub/Editor/2022.3.7f1/Editor/Data/Managed'
Mono path[1] = 'C:/Program Files/Unity/Hub/Editor/2022.3.7f1/Editor/Data/MonoBleedingEdge/lib/mono/unityjit-win32'
Mono config path = 'C:/Program Files/Unity/Hub/Editor/2022.3.7f1/Editor/Data/MonoBleedingEdge/etc'
Using monoOptions --debugger-agent=transport=dt_socket,embedding=1,server=y,suspend=n,address=127.0.0.1:56536
Begin MonoManager ReloadAssembly
Registering precompiled unity dll's ...
Register platform support module: C:/Program Files/Unity/Hub/Editor/2022.3.7f1/Editor/Data/PlaybackEngines/WindowsStandaloneSupport/UnityEditor.WindowsStandalone.Extensions.dll
Registered in 0.009071 seconds.
- Loaded All Assemblies, in  0.399 seconds
Native extension for WindowsStandalone target not found
Mono: successfully reloaded assembly
- Finished resetting the current domain, in  0.272 seconds
Domain Reload Profiling: 669ms
	BeginReloadAssembly (122ms)
		ExecutionOrderSort (0ms)
		DisableScriptedObjects (0ms)
		BackupInstance (0ms)
		ReleaseScriptingObjects (0ms)
		CreateAndSetChildDomain (1ms)
	RebuildCommonClasses (52ms)
	RebuildNativeTypeToScriptingClass (11ms)
	initialDomainReloadingComplete (60ms)
	LoadAllAssembliesAndSetupDomain (151ms)
		LoadAssemblies (120ms)
		RebuildTransferFunctionScriptingTraits (0ms)
		AnalyzeDomain (149ms)
			TypeCache.Refresh (147ms)
				TypeCache.ScanAssembly (130ms)
			ScanForSourceGeneratedMonoScriptInfo (1ms)
			ResolveRequiredComponents (1ms)
	FinalizeReload (272ms)
		ReleaseScriptCaches (0ms)
		RebuildScriptCaches (0ms)
		SetupLoadedEditorAssemblies (195ms)
			LogAssemblyErrors (0ms)
			InitializePlatformSupportModulesInManaged (10ms)
			SetLoadedEditorAssemblies (9ms)
			RefreshPlugins (0ms)
			BeforeProcessingInitializeOnLoad (3ms)
			ProcessInitializeOnLoadAttributes (127ms)
			ProcessInitializeOnLoadMethodAttributes (46ms)
			AfterProcessingInitializeOnLoad (0ms)
			EditorAssembliesLoaded (0ms)
		ExecutionOrderSort2 (0ms)
		AwakeInstancesAfterBackupRestoration (0ms)
========================================================================
Worker process is ready to serve import requests
Begin MonoManager ReloadAssembly
- Loaded All Assemblies, in  0.790 seconds
Refreshing native plugins compatible for Editor in 2.78 ms, found 3 plugins.
Native extension for WindowsStandalone target not found
Package Manager log level set to [2]
[Package Manager] Server::EnsureServerProcessIsRunning -- launch failed, reason: Unity was launched with the -noUpm command-line argument
[Package Manager] UpmClient::Send -- Unable to send message (not connected to UPM process).
[Package Manager] Cannot connect to Unity Package Manager local server
Mono: successfully reloaded assembly
- Finished resetting the current domain, in  0.723 seconds
Domain Reload Profiling: 1509ms
	BeginReloadAssembly (179ms)
		ExecutionOrderSort (0ms)
		DisableScriptedObjects (7ms)
		BackupInstance (0ms)
		ReleaseScriptingObjects (0ms)
		CreateAndSetChildDomain (27ms)
	RebuildCommonClasses (49ms)
	RebuildNativeTypeToScriptingClass (12ms)
	initialDomainReloadingComplete (60ms)
	LoadAllAssembliesAndSetupDomain (485ms)
		LoadAssemblies (413ms)
		RebuildTransferFunctionScriptingTraits (0ms)
		AnalyzeDomain (179ms)
			TypeCache.Refresh (159ms)
				TypeCache.ScanAssembly (145ms)
			ScanForSourceGeneratedMonoScriptInfo (14ms)
			ResolveRequiredComponents (4ms)
	FinalizeReload (723ms)
		ReleaseScriptCaches (0ms)
		RebuildScriptCaches (0ms)
		SetupLoadedEditorAssemblies (580ms)
			LogAssemblyErrors (0ms)
			InitializePlatformSupportModulesInManaged (6ms)
			SetLoadedEditorAssemblies (5ms)
			RefreshPlugins (0ms)
			BeforeProcessingInitializeOnLoad (70ms)
			ProcessInitializeOnLoadAttributes (465ms)
			ProcessInitializeOnLoadMethodAttributes (22ms)
			AfterProcessingInitializeOnLoad (11ms)
			EditorAssembliesLoaded (0ms)
		ExecutionOrderSort2 (0ms)
		AwakeInstancesAfterBackupRestoration (10ms)
Launched and connected shader compiler UnityShaderCompiler.exe after 0.09 seconds
Refreshing native plugins compatible for Editor in 3.72 ms, found 3 plugins.
Preloading 0 native plugins for Editor in 0.00 ms.
Unloading 3149 Unused Serialized files (Serialized files now loaded: 0)
Unloading 31 unused Assets / (56.6 KB). Loaded Objects now: 3613.
Memory consumption went from 124.7 MB to 124.6 MB.
Total: 3.787200 ms (FindLiveObjects: 0.372800 ms CreateObjectMapping: 0.150300 ms MarkObjects: 3.108000 ms  DeleteObjects: 0.155000 ms)

AssetImportParameters requested are different than current active one (requested -> active):
  custom:container-demuxer-ogg: 62fdf1f143b41e24485cea50d1cbac27 -> 
  custom:video-codec-MediaFoundation-h265: 746d11721c4dcdbdad8f713fa42b33f4 -> 
  custom:video-decoder-ogg-theora: a1e56fd34408186e4bbccfd4996cb3dc -> 
  custom:framework-win-MediaFoundation: 216162199b28c13a410421893ffa2e32 -> 
  custom:CustomObjectIndexerAttribute: 756ad292c208cfabdd7b50bc23989ffe -> 
  custom:container-demuxer-webm: 4f35f7cbe854078d1ac9338744f61a02 -> 
  custom:container-muxer-webm: aa71ff27fc2769a1b78a27578f13a17b -> 
  custom:video-decoder-webm-vp8: 9c59270c3fd7afecdb556c50c9e8de78 -> 
  custom:SearchIndexIgnoredProperties: e643bd26f0fe6173181afceb89e7c659 -> 
  custom:AudioImporter_EditorPlatform: d09bf68614088b80899f8185d706f6e7 -> 
  custom:video-encoder-webm-vp8: eb34c28f22e8b96e1ab97ce403110664 -> 
  custom:audio-decoder-ogg-vorbis: bf7c407c2cedff20999df2af8eb42d56 -> 
  custom:audio-encoder-webm-vorbis: bf7c407c2cedff20999df2af8eb42d56 -> 
========================================================================
Received Import Request.
  Time since last request: 169248.811824 seconds.
  path: Assets/Scenes
  artifactKey: Guid(5c9774fe7c6990e4ab3c34f28adff2f0) Importer(815301076,1909f56bfc062723c751e8b465ee728b)
Start importing Assets/Scenes using Guid(5c9774fe7c6990e4ab3c34f28adff2f0) Importer(815301076,1909f56bfc062723c751e8b465ee728b)  -> (artifact id: '4cf1f21c2a376b699446c9f008fb0e3f') in 0.005197 seconds
Number of updated asset objects reloaded before import = 0
Number of asset objects unloaded after import = 0
========================================================================
Received Import Request.
  Time since last request: 4.995217 seconds.
  path: Assets/Resources
  artifactKey: Guid(dd971019203d9ff4f8a7e84924f7aa43) Importer(815301076,1909f56bfc062723c751e8b465ee728b)
Start importing Assets/Resources using Guid(dd971019203d9ff4f8a7e84924f7aa43) Importer(815301076,1909f56bfc062723c751e8b465ee728b)  -> (artifact id: '47d54a72671eb338cab099d5e29ab5e8') in 0.000774 seconds
Number of updated asset objects reloaded before import = 0
Number of asset objects unloaded after import = 0
========================================================================
Received Import Request.
  Time since last request: 5.177674 seconds.
  path: Assets/Materials
  artifactKey: Guid(97854e39a5a9a6c4e999be54bc4ef210) Importer(815301076,1909f56bfc062723c751e8b465ee728b)
Start importing Assets/Materials using Guid(97854e39a5a9a6c4e999be54bc4ef210) Importer(815301076,1909f56bfc062723c751e8b465ee728b)  -> (artifact id: '98a76f6e8782032fa7c9a73bae733703') in 0.000646 seconds
Number of updated asset objects reloaded before import = 0
Number of asset objects unloaded after import = 0
========================================================================
Received Import Request.
  Time since last request: 0.015467 seconds.
  path: Assets/Materials/8c15fddba209bf4c.png
  artifactKey: Guid(306053e616652594b860a9a4744f0dcb) Importer(815301076,1909f56bfc062723c751e8b465ee728b)
Start importing Assets/Materials/8c15fddba209bf4c.png using Guid(306053e616652594b860a9a4744f0dcb) Importer(815301076,1909f56bfc062723c751e8b465ee728b)  -> (artifact id: '3b931e93055558cb1742810e73cc1acf') in 0.104594 seconds
Number of updated asset objects reloaded before import = 0
Number of asset objects unloaded after import = 2
========================================================================
Received Import Request.
  Time since last request: 0.022618 seconds.
  path: Assets/Materials/ningyohime1.mat
  artifactKey: Guid(d82864e1b1377584e9594000d206855f) Importer(815301076,1909f56bfc062723c751e8b465ee728b)
Start importing Assets/Materials/ningyohime1.mat using Guid(d82864e1b1377584e9594000d206855f) Importer(815301076,1909f56bfc062723c751e8b465ee728b)  -> (artifact id: 'cce95725fd3729e5a372ee86e580fea9') in 0.115666 seconds
Number of updated asset objects reloaded before import = 0
Number of asset objects unloaded after import = 2
========================================================================
Received Import Request.
  Time since last request: 0.000018 seconds.
  path: Assets/Materials/New Material.mat
  artifactKey: Guid(833fb367543278c41a1d5149c391585e) Importer(815301076,1909f56bfc062723c751e8b465ee728b)
Start importing Assets/Materials/New Material.mat using Guid(833fb367543278c41a1d5149c391585e) Importer(815301076,1909f56bfc062723c751e8b465ee728b)  -> (artifact id: '98e31e472171ff31a21859ba5e9f73aa') in 0.053886 seconds
Number of updated asset objects reloaded before import = 0
Number of asset objects unloaded after import = 2
========================================================================
Received Import Request.
  Time since last request: 0.000028 seconds.
  path: Assets/Materials/paper_00103.jpg
  artifactKey: Guid(e3b19031bbe785141a64746ac7ea2247) Importer(815301076,1909f56bfc062723c751e8b465ee728b)
Start importing Assets/Materials/paper_00103.jpg using Guid(e3b19031bbe785141a64746ac7ea2247) Importer(815301076,1909f56bfc062723c751e8b465ee728b)  -> (artifact id: '739d114bfd81629edffef57aed7cd444') in 0.030719 seconds
Number of updated asset objects reloaded before import = 0
Number of asset objects unloaded after import = 2
========================================================================
Received Import Request.
  Time since last request: 0.000021 seconds.
  path: Assets/Materials/leather.mat
  artifactKey: Guid(e4981af541eee4e4bb33033a751d8b43) Importer(815301076,1909f56bfc062723c751e8b465ee728b)
Start importing Assets/Materials/leather.mat using Guid(e4981af541eee4e4bb33033a751d8b43) Importer(815301076,1909f56bfc062723c751e8b465ee728b)  -> (artifact id: '7bbe07d396aeeefd9495cfe27f56ed9d') in 0.016021 seconds
Number of updated asset objects reloaded before import = 0
Number of asset objects unloaded after import = 2
========================================================================
Received Import Request.
  Time since last request: 0.000023 seconds.
  path: Assets/Materials/paper.mat
  artifactKey: Guid(4c1f4eb1c2335594a8a1b7c4d8384344) Importer(815301076,1909f56bfc062723c751e8b465ee728b)
Start importing Assets/Materials/paper.mat using Guid(4c1f4eb1c2335594a8a1b7c4d8384344) Importer(815301076,1909f56bfc062723c751e8b465ee728b)  -> (artifact id: '49e4a1635d24dae0fa8faeb7453b233b') in 0.016518 seconds
Number of updated asset objects reloaded before import = 0
Number of asset objects unloaded after import = 2
========================================================================
Received Import Request.
  Time since last request: 1.686861 seconds.
  path: Assets/kodomo
  artifactKey: Guid(5bb8f4f994391fb41b6e543256037f3b) Importer(815301076,1909f56bfc062723c751e8b465ee728b)
Start importing Assets/kodomo using Guid(5bb8f4f994391fb41b6e543256037f3b) Importer(815301076,1909f56bfc062723c751e8b465ee728b)  -> (artifact id: '0de08a2b0dae469c25fe69b08e09d254') in 0.000633 seconds
Number of updated asset objects reloaded before import = 0
Number of asset objects unloaded after import = 0
========================================================================
Received Import Request.
  Time since last request: 0.186806 seconds.
  path: Assets/kodomo/KodomoRounded.otf
  artifactKey: Guid(94f851c4a501234418856658bddf6c0d) Importer(815301076,1909f56bfc062723c751e8b465ee728b)
Start importing Assets/kodomo/KodomoRounded.otf using Guid(94f851c4a501234418856658bddf6c0d) Importer(815301076,1909f56bfc062723c751e8b465ee728b)  -> (artifact id: '55e2885c9782b9060f14b5f63806b7d7') in 0.023031 seconds
Number of updated asset objects reloaded before import = 0
Number of asset objects unloaded after import = 4
========================================================================
Received Import Request.
  Time since last request: 0.000019 seconds.
  path: Assets/kodomo/KodomoRounded-Light SDF.asset
  artifactKey: Guid(a88badb92c66d3a4bbea8d22d1d92d8c) Importer(815301076,1909f56bfc062723c751e8b465ee728b)
Start importing Assets/kodomo/KodomoRounded-Light SDF.asset using Guid(a88badb92c66d3a4bbea8d22d1d92d8c) Importer(815301076,1909f56bfc062723c751e8b465ee728b)  -> (artifact id: '59174914a7ea12c6b4ebb1ab029f07b1') in 0.139561 seconds
Number of updated asset objects reloaded before import = 0
Number of asset objects unloaded after import = 6
========================================================================
Received Import Request.
  Time since last request: 360.577018 seconds.
  path: Assets/ningyohimeassets/Materials/ouji.mat
  artifactKey: Guid(014577812dd74cb449e1c0782c6afbbd) Importer(815301076,1909f56bfc062723c751e8b465ee728b)
Start importing Assets/ningyohimeassets/Materials/ouji.mat using Guid(014577812dd74cb449e1c0782c6afbbd) Importer(815301076,1909f56bfc062723c751e8b465ee728b)  -> (artifact id: '9cae194d5b417a170ac5ee15be089a5a') in 0.036127 seconds
Number of updated asset objects reloaded before import = 0
Number of asset objects unloaded after import = 2
========================================================================
Received Import Request.
  Time since last request: 0.000024 seconds.
  path: Assets/ningyohimeassets/Materials/ouji 1.mat
  artifactKey: Guid(55bf33ad82038744db664cd7b3452890) Importer(815301076,1909f56bfc062723c751e8b465ee728b)
Start importing Assets/ningyohimeassets/Materials/ouji 1.mat using Guid(55bf33ad82038744db664cd7b3452890) Importer(815301076,1909f56bfc062723c751e8b465ee728b)  -> (artifact id: '9d3ac8cee3732b49b2053f5f5cf3c01c') in 0.035579 seconds
Number of updated asset objects reloaded before import = 0
Number of asset objects unloaded after import = 2
========================================================================
Received Import Request.
  Time since last request: 9.431511 seconds.
  path: Assets/TextMesh Pro/Examples & Extras/Resources/Fonts & Materials/Bangers SDF - Drop Shadow.mat
  artifactKey: Guid(f2dcf029949142e28b974630369c8b4e) Importer(815301076,1909f56bfc062723c751e8b465ee728b)
Start importing Assets/TextMesh Pro/Examples & Extras/Resources/Fonts & Materials/Bangers SDF - Drop Shadow.mat using Guid(f2dcf029949142e28b974630369c8b4e) Importer(815301076,1909f56bfc062723c751e8b465ee728b)  -> (artifact id: '3e673a8757aebadd965eaa88af66ca6b') in 0.103729 seconds
Number of updated asset objects reloaded before import = 0
Number of asset objects unloaded after import = 2
========================================================================
Received Import Request.
  Time since last request: 0.000040 seconds.
  path: Assets/Controller Icons Pack (by NullSave)/Textures/Filled/64/bumper1_blank.png
  artifactKey: Guid(4468b6c4c190a94499989f03f731f069) Importer(815301076,1909f56bfc062723c751e8b465ee728b)
Start importing Assets/Controller Icons Pack (by NullSave)/Textures/Filled/64/bumper1_blank.png using Guid(4468b6c4c190a94499989f03f731f069) Importer(815301076,1909f56bfc062723c751e8b465ee728b)  -> (artifact id: '14be729f16f90902a2baa67090ac6d61') in 0.053799 seconds
Number of updated asset objects reloaded before import = 0
Number of asset objects unloaded after import = 3
========================================================================
Received Import Request.
  Time since last request: 0.000023 seconds.
  path: Assets/Controller Icons Pack (by NullSave)/Textures/Filled/128/bumper1_blank.png
  artifactKey: Guid(03265fa2f84587342a5387b96b092a31) Importer(815301076,1909f56bfc062723c751e8b465ee728b)
Start importing Assets/Controller Icons Pack (by NullSave)/Textures/Filled/128/bumper1_blank.png using Guid(03265fa2f84587342a5387b96b092a31) Importer(815301076,1909f56bfc062723c751e8b465ee728b)  -> (artifact id: '3821024919b2045b672949cae176adbc') in 0.028964 seconds
Number of updated asset objects reloaded before import = 0
Number of asset objects unloaded after import = 3
========================================================================
Received Import Request.
  Time since last request: 581.159889 seconds.
  path: Assets/assets_Î±1/materials/house2 - Copy.mat
  artifactKey: Guid(f477af3844d05cc4191c0aea11b250e2) Importer(815301076,1909f56bfc062723c751e8b465ee728b)
Start importing Assets/assets_Î±1/materials/house2 - Copy.mat using Guid(f477af3844d05cc4191c0aea11b250e2) Importer(815301076,1909f56bfc062723c751e8b465ee728b)  -> (artifact id: '2981a7f141d3dfe761f33b53053521a1') in 0.039940 seconds
Number of updated asset objects reloaded before import = 0
Number of asset objects unloaded after import = 2
========================================================================
Received Import Request.
  Time since last request: 0.035321 seconds.
  path: Assets/assets_Î±1/materials/ship_mast.mat
  artifactKey: Guid(dd78ce7df8b279a41b999aed697944cf) Importer(815301076,1909f56bfc062723c751e8b465ee728b)
Start importing Assets/assets_Î±1/materials/ship_mast.mat using Guid(dd78ce7df8b279a41b999aed697944cf) Importer(815301076,1909f56bfc062723c751e8b465ee728b)  -> (artifact id: '3672b55dbe05dc765e68f4b1fb8e7de4') in 0.037184 seconds
Number of updated asset objects reloaded before import = 0
Number of asset objects unloaded after import = 2
Editor requested this worker to shutdown with reason: Scaling down because of idle timeout
TcpMessagingSession - receive error: operation aborted. errorcode: 995, details: ƒXƒŒƒbƒh‚ÌI—¹‚Ü‚½‚ÍƒAƒvƒŠƒP[ƒVƒ‡ƒ“‚Ì—v‹‚É‚æ‚Á‚ÄAI/O ˆ—‚Í’†~‚³‚ê‚Ü‚µ‚½B
AssetImportWorker is now disconnected from the server
Process exiting
Exiting without the bug reporter. Application will terminate with return code 0