Using pre-set license
Built from '2022.3/staging' branch; Version is '2022.3.7f1 (b16b3b16c7a0) revision 11627323'; Using compiler version '192829333'; Build Type 'Release'
OS: 'Windows 10  (10.0.19045) 64bit Core' Language: 'ja' Physical Memory: 15971 MB
BatchMode: 1, IsHumanControllingUs: 0, StartBugReporterOnCrash: 0, Is64bit: 1, IsPro: 1

COMMAND LINE ARGUMENTS:
C:\Program Files\Unity\Hub\Editor\2022.3.7f1\Editor\Unity.exe
-adb2
-batchMode
-noUpm
-name
AssetImportWorker13
-projectPath
C:/Users/makiy/OneDrive/ãƒ‡ã‚¹ã‚¯ãƒˆãƒƒãƒ—/ãƒãƒƒã‚¯ã‚¢ãƒƒãƒ—picturebooks/seens2
-logFile
Logs/AssetImportWorker13.log
-srvPort
49780
Successfully changed project path to: C:/Users/makiy/OneDrive/ãƒ‡ã‚¹ã‚¯ãƒˆãƒƒãƒ—/ãƒãƒƒã‚¯ã‚¢ãƒƒãƒ—picturebooks/seens2
C:/Users/makiy/OneDrive/ãƒ‡ã‚¹ã‚¯ãƒˆãƒƒãƒ—/ãƒãƒƒã‚¯ã‚¢ãƒƒãƒ—picturebooks/seens2
[UnityMemory] Configuration Parameters - Can be set up in boot.config
    "memorysetup-bucket-allocator-granularity=16"
    "memorysetup-bucket-allocator-bucket-count=8"
    "memorysetup-bucket-allocator-block-size=33554432"
    "memorysetup-bucket-allocator-block-count=8"
    "memorysetup-main-allocator-block-size=16777216"
    "memorysetup-thread-allocator-block-size=16777216"
    "memorysetup-gfx-main-allocator-block-size=16777216"
    "memorysetup-gfx-thread-allocator-block-size=16777216"
    "memorysetup-cache-allocator-block-size=4194304"
    "memorysetup-typetree-allocator-block-size=2097152"
    "memorysetup-profiler-bucket-allocator-granularity=16"
    "memorysetup-profiler-bucket-allocator-bucket-count=8"
    "memorysetup-profiler-bucket-allocator-block-size=33554432"
    "memorysetup-profiler-bucket-allocator-block-count=8"
    "memorysetup-profiler-allocator-block-size=16777216"
    "memorysetup-profiler-editor-allocator-block-size=1048576"
    "memorysetup-temp-allocator-size-main=16777216"
    "memorysetup-job-temp-allocator-block-size=2097152"
    "memorysetup-job-temp-allocator-block-size-background=1048576"
    "memorysetup-job-temp-allocator-reduction-small-platforms=262144"
    "memorysetup-allocator-temp-initial-block-size-main=262144"
    "memorysetup-allocator-temp-initial-block-size-worker=262144"
    "memorysetup-temp-allocator-size-background-worker=32768"
    "memorysetup-temp-allocator-size-job-worker=262144"
    "memorysetup-temp-allocator-size-preload-manager=33554432"
    "memorysetup-temp-allocator-size-nav-mesh-worker=65536"
    "memorysetup-temp-allocator-size-audio-worker=65536"
    "memorysetup-temp-allocator-size-cloud-worker=32768"
    "memorysetup-temp-allocator-size-gi-baking-worker=262144"
    "memorysetup-temp-allocator-size-gfx=262144"
Player connection [58096] Host "[IP] 192.168.242.179 [Port] 0 [Flags] 2 [Guid] 1604705162 [EditorId] 1604705162 [Version] 1048832 [Id] WindowsEditor(7,DESKTOP-2LLT2NT) [Debug] 1 [PackageName] WindowsEditor [ProjectName] Editor" joined multi-casting on [225.0.0.222:54997]...

Player connection [58096] Host "[IP] 192.168.242.179 [Port] 0 [Flags] 2 [Guid] 1604705162 [EditorId] 1604705162 [Version] 1048832 [Id] WindowsEditor(7,DESKTOP-2LLT2NT) [Debug] 1 [PackageName] WindowsEditor [ProjectName] Editor" joined alternative multi-casting on [225.0.0.222:34997]...

Refreshing native plugins compatible for Editor in 13.48 ms, found 3 plugins.
Preloading 0 native plugins for Editor in 0.00 ms.
Initialize engine version: 2022.3.7f1 (b16b3b16c7a0)
[Subsystems] Discovering subsystems at path C:/Program Files/Unity/Hub/Editor/2022.3.7f1/Editor/Data/Resources/UnitySubsystems
[Subsystems] Discovering subsystems at path C:/Users/makiy/OneDrive/ãƒ‡ã‚¹ã‚¯ãƒˆãƒƒãƒ—/ãƒãƒƒã‚¯ã‚¢ãƒƒãƒ—picturebooks/seens2/Assets
GfxDevice: creating device client; threaded=0; jobified=0
Direct3D:
    Version:  Direct3D 11.0 [level 11.1]
    Renderer: NVIDIA GeForce RTX 3060 Laptop GPU (ID=0x2520)
    Vendor:   NVIDIA
    VRAM:     6009 MB
    Driver:   31.0.15.3179
Initialize mono
Mono path[0] = 'C:/Program Files/Unity/Hub/Editor/2022.3.7f1/Editor/Data/Managed'
Mono path[1] = 'C:/Program Files/Unity/Hub/Editor/2022.3.7f1/Editor/Data/MonoBleedingEdge/lib/mono/unityjit-win32'
Mono config path = 'C:/Program Files/Unity/Hub/Editor/2022.3.7f1/Editor/Data/MonoBleedingEdge/etc'
Using monoOptions --debugger-agent=transport=dt_socket,embedding=1,server=y,suspend=n,address=127.0.0.1:56340
Begin MonoManager ReloadAssembly
Registering precompiled unity dll's ...
Register platform support module: C:/Program Files/Unity/Hub/Editor/2022.3.7f1/Editor/Data/PlaybackEngines/WindowsStandaloneSupport/UnityEditor.WindowsStandalone.Extensions.dll
Registered in 0.014553 seconds.
- Loaded All Assemblies, in  0.471 seconds
Native extension for WindowsStandalone target not found
Mono: successfully reloaded assembly
- Finished resetting the current domain, in  0.265 seconds
Domain Reload Profiling: 734ms
	BeginReloadAssembly (147ms)
		ExecutionOrderSort (0ms)
		DisableScriptedObjects (0ms)
		BackupInstance (0ms)
		ReleaseScriptingObjects (0ms)
		CreateAndSetChildDomain (1ms)
	RebuildCommonClasses (47ms)
	RebuildNativeTypeToScriptingClass (15ms)
	initialDomainReloadingComplete (93ms)
	LoadAllAssembliesAndSetupDomain (167ms)
		LoadAssemblies (144ms)
		RebuildTransferFunctionScriptingTraits (0ms)
		AnalyzeDomain (165ms)
			TypeCache.Refresh (163ms)
				TypeCache.ScanAssembly (150ms)
			ScanForSourceGeneratedMonoScriptInfo (0ms)
			ResolveRequiredComponents (0ms)
	FinalizeReload (265ms)
		ReleaseScriptCaches (0ms)
		RebuildScriptCaches (0ms)
		SetupLoadedEditorAssemblies (204ms)
			LogAssemblyErrors (0ms)
			InitializePlatformSupportModulesInManaged (10ms)
			SetLoadedEditorAssemblies (9ms)
			RefreshPlugins (0ms)
			BeforeProcessingInitializeOnLoad (2ms)
			ProcessInitializeOnLoadAttributes (136ms)
			ProcessInitializeOnLoadMethodAttributes (48ms)
			AfterProcessingInitializeOnLoad (0ms)
			EditorAssembliesLoaded (0ms)
		ExecutionOrderSort2 (0ms)
		AwakeInstancesAfterBackupRestoration (0ms)
========================================================================
Worker process is ready to serve import requests
Begin MonoManager ReloadAssembly
- Loaded All Assemblies, in  0.744 seconds
Refreshing native plugins compatible for Editor in 4.48 ms, found 3 plugins.
Native extension for WindowsStandalone target not found
Package Manager log level set to [2]
[Package Manager] Server::EnsureServerProcessIsRunning -- launch failed, reason: Unity was launched with the -noUpm command-line argument
[Package Manager] UpmClient::Send -- Unable to send message (not connected to UPM process).
[Package Manager] Cannot connect to Unity Package Manager local server
Mono: successfully reloaded assembly
- Finished resetting the current domain, in  0.593 seconds
Domain Reload Profiling: 1334ms
	BeginReloadAssembly (157ms)
		ExecutionOrderSort (0ms)
		DisableScriptedObjects (5ms)
		BackupInstance (0ms)
		ReleaseScriptingObjects (0ms)
		CreateAndSetChildDomain (22ms)
	RebuildCommonClasses (32ms)
	RebuildNativeTypeToScriptingClass (9ms)
	initialDomainReloadingComplete (39ms)
	LoadAllAssembliesAndSetupDomain (504ms)
		LoadAssemblies (360ms)
		RebuildTransferFunctionScriptingTraits (0ms)
		AnalyzeDomain (243ms)
			TypeCache.Refresh (211ms)
				TypeCache.ScanAssembly (180ms)
			ScanForSourceGeneratedMonoScriptInfo (22ms)
			ResolveRequiredComponents (8ms)
	FinalizeReload (593ms)
		ReleaseScriptCaches (0ms)
		RebuildScriptCaches (0ms)
		SetupLoadedEditorAssemblies (443ms)
			LogAssemblyErrors (0ms)
			InitializePlatformSupportModulesInManaged (5ms)
			SetLoadedEditorAssemblies (3ms)
			RefreshPlugins (0ms)
			BeforeProcessingInitializeOnLoad (67ms)
			ProcessInitializeOnLoadAttributes (343ms)
			ProcessInitializeOnLoadMethodAttributes (15ms)
			AfterProcessingInitializeOnLoad (8ms)
			EditorAssembliesLoaded (0ms)
		ExecutionOrderSort2 (0ms)
		AwakeInstancesAfterBackupRestoration (7ms)
Launched and connected shader compiler UnityShaderCompiler.exe after 0.11 seconds
Refreshing native plugins compatible for Editor in 5.75 ms, found 3 plugins.
Preloading 0 native plugins for Editor in 0.00 ms.
Unloading 3229 Unused Serialized files (Serialized files now loaded: 0)
Unloading 31 unused Assets / (57.1 KB). Loaded Objects now: 3699.
Memory consumption went from 129.8 MB to 129.8 MB.
Total: 5.003700 ms (FindLiveObjects: 0.424100 ms CreateObjectMapping: 0.123900 ms MarkObjects: 4.155100 ms  DeleteObjects: 0.299300 ms)

AssetImportParameters requested are different than current active one (requested -> active):
  custom:container-demuxer-ogg: 62fdf1f143b41e24485cea50d1cbac27 -> 
  custom:video-codec-MediaFoundation-h265: 746d11721c4dcdbdad8f713fa42b33f4 -> 
  custom:video-decoder-ogg-theora: a1e56fd34408186e4bbccfd4996cb3dc -> 
  custom:framework-win-MediaFoundation: 216162199b28c13a410421893ffa2e32 -> 
  custom:CustomObjectIndexerAttribute: 756ad292c208cfabdd7b50bc23989ffe -> 
  custom:container-demuxer-webm: 4f35f7cbe854078d1ac9338744f61a02 -> 
  custom:container-muxer-webm: aa71ff27fc2769a1b78a27578f13a17b -> 
  custom:video-decoder-webm-vp8: 9c59270c3fd7afecdb556c50c9e8de78 -> 
  custom:SearchIndexIgnoredProperties: e643bd26f0fe6173181afceb89e7c659 -> 
  custom:AudioImporter_EditorPlatform: d09bf68614088b80899f8185d706f6e7 -> 
  custom:video-encoder-webm-vp8: eb34c28f22e8b96e1ab97ce403110664 -> 
  custom:audio-decoder-ogg-vorbis: bf7c407c2cedff20999df2af8eb42d56 -> 
  custom:audio-encoder-webm-vorbis: bf7c407c2cedff20999df2af8eb42d56 -> 
========================================================================
Received Import Request.
  Time since last request: 2232458.504726 seconds.
  path: Assets/Controller Icons Pack (by NullSave)/Textures/Outlined/64/dkeys_empty.png
  artifactKey: Guid(68efdd8a48f8311409188c0b70431b30) Importer(815301076,1909f56bfc062723c751e8b465ee728b)
Start importing Assets/Controller Icons Pack (by NullSave)/Textures/Outlined/64/dkeys_empty.png using Guid(68efdd8a48f8311409188c0b70431b30) Importer(815301076,1909f56bfc062723c751e8b465ee728b)  -> (artifact id: 'bd53fecd7c62150eff725e0ae963190e') in 0.128838 seconds
Number of updated asset objects reloaded before import = 0
Number of asset objects unloaded after import = 3
========================================================================
Received Import Request.
  Time since last request: 0.067978 seconds.
  path: Assets/Controller Icons Pack (by NullSave)/Textures/Outlined/64/dkeys_empty2.png
  artifactKey: Guid(a2d482c77e9850d4bba5158dcfad1431) Importer(815301076,1909f56bfc062723c751e8b465ee728b)
Start importing Assets/Controller Icons Pack (by NullSave)/Textures/Outlined/64/dkeys_empty2.png using Guid(a2d482c77e9850d4bba5158dcfad1431) Importer(815301076,1909f56bfc062723c751e8b465ee728b)  -> (artifact id: 'ae4fcf6a606162df07b4754bf88393e4') in 0.037165 seconds
Number of updated asset objects reloaded before import = 0
Number of asset objects unloaded after import = 3
========================================================================
Received Import Request.
  Time since last request: 0.000027 seconds.
  path: Assets/Controller Icons Pack (by NullSave)/Textures/Outlined/64/dpad1_right.png
  artifactKey: Guid(42102f94b4068954dbba53faf8a886bb) Importer(815301076,1909f56bfc062723c751e8b465ee728b)
Start importing Assets/Controller Icons Pack (by NullSave)/Textures/Outlined/64/dpad1_right.png using Guid(42102f94b4068954dbba53faf8a886bb) Importer(815301076,1909f56bfc062723c751e8b465ee728b)  -> (artifact id: '69b3581b0385202f90365fcd6932ac64') in 0.039070 seconds
Number of updated asset objects reloaded before import = 0
Number of asset objects unloaded after import = 3
========================================================================
Received Import Request.
  Time since last request: 0.000050 seconds.
  path: Assets/Controller Icons Pack (by NullSave)/Textures/Outlined/64/dpad1_down.png
  artifactKey: Guid(dc09a7d6884a87a41a690c2a8b6630af) Importer(815301076,1909f56bfc062723c751e8b465ee728b)
Start importing Assets/Controller Icons Pack (by NullSave)/Textures/Outlined/64/dpad1_down.png using Guid(dc09a7d6884a87a41a690c2a8b6630af) Importer(815301076,1909f56bfc062723c751e8b465ee728b)  -> (artifact id: '3979e8d47796c915fc307fbc11225e8b') in 0.027820 seconds
Number of updated asset objects reloaded before import = 0
Number of asset objects unloaded after import = 3
========================================================================
Received Import Request.
  Time since last request: 0.000054 seconds.
  path: Assets/Controller Icons Pack (by NullSave)/Textures/Outlined/64/dpad1_vertical.png
  artifactKey: Guid(a7eab35c1b2b9784b8b1e2d043631923) Importer(815301076,1909f56bfc062723c751e8b465ee728b)
Start importing Assets/Controller Icons Pack (by NullSave)/Textures/Outlined/64/dpad1_vertical.png using Guid(a7eab35c1b2b9784b8b1e2d043631923) Importer(815301076,1909f56bfc062723c751e8b465ee728b)  -> (artifact id: '4c0589367207e995dacdfbcc452fc8b0') in 0.029488 seconds
Number of updated asset objects reloaded before import = 0
Number of asset objects unloaded after import = 3
========================================================================
Received Import Request.
  Time since last request: 0.000256 seconds.
  path: Assets/Controller Icons Pack (by NullSave)/Textures/Outlined/64/dpad2_horizontal.png
  artifactKey: Guid(32d83dd5d20c4e243aae5ac4d405fe15) Importer(815301076,1909f56bfc062723c751e8b465ee728b)
Start importing Assets/Controller Icons Pack (by NullSave)/Textures/Outlined/64/dpad2_horizontal.png using Guid(32d83dd5d20c4e243aae5ac4d405fe15) Importer(815301076,1909f56bfc062723c751e8b465ee728b)  -> (artifact id: 'a67676f439d286901607e98f0d8fa664') in 0.031099 seconds
Number of updated asset objects reloaded before import = 0
Number of asset objects unloaded after import = 3
========================================================================
Received Import Request.
  Time since last request: 0.000279 seconds.
  path: Assets/Controller Icons Pack (by NullSave)/Textures/Outlined/64/dpad2_left.png
  artifactKey: Guid(4ab902f00d1c2d54380dd0947237167c) Importer(815301076,1909f56bfc062723c751e8b465ee728b)
Start importing Assets/Controller Icons Pack (by NullSave)/Textures/Outlined/64/dpad2_left.png using Guid(4ab902f00d1c2d54380dd0947237167c) Importer(815301076,1909f56bfc062723c751e8b465ee728b)  -> (artifact id: '0f09afde7cef201755a95d4e42c49839') in 0.035276 seconds
Number of updated asset objects reloaded before import = 0
Number of asset objects unloaded after import = 3
========================================================================
Received Import Request.
  Time since last request: 0.000175 seconds.
  path: Assets/Controller Icons Pack (by NullSave)/Textures/Outlined/64/dpad2.png
  artifactKey: Guid(c8db61dd3e1d9b1449b0592917ce7ee2) Importer(815301076,1909f56bfc062723c751e8b465ee728b)
Start importing Assets/Controller Icons Pack (by NullSave)/Textures/Outlined/64/dpad2.png using Guid(c8db61dd3e1d9b1449b0592917ce7ee2) Importer(815301076,1909f56bfc062723c751e8b465ee728b)  -> (artifact id: 'f38b433adf4262d9b4b8f1b2bfbe4e23') in 0.034562 seconds
Number of updated asset objects reloaded before import = 0
Number of asset objects unloaded after import = 3
========================================================================
Received Import Request.
  Time since last request: 2.318929 seconds.
  path: Assets/Controller Icons Pack (by NullSave)/Textures/Outlined/64/dpad3.png
  artifactKey: Guid(7da89e8a3a950234aad9047785ce7026) Importer(815301076,1909f56bfc062723c751e8b465ee728b)
Start importing Assets/Controller Icons Pack (by NullSave)/Textures/Outlined/64/dpad3.png using Guid(7da89e8a3a950234aad9047785ce7026) Importer(815301076,1909f56bfc062723c751e8b465ee728b)  -> (artifact id: 'c2fc992961638867011b4ca5ca9a0ca7') in 0.025812 seconds
Number of updated asset objects reloaded before import = 0
Number of asset objects unloaded after import = 3
========================================================================
Received Import Request.
  Time since last request: 0.000035 seconds.
  path: Assets/Controller Icons Pack (by NullSave)/Textures/Outlined/64/dpad3_left.png
  artifactKey: Guid(15ed8376a7654884f85bfe0469356a35) Importer(815301076,1909f56bfc062723c751e8b465ee728b)
Start importing Assets/Controller Icons Pack (by NullSave)/Textures/Outlined/64/dpad3_left.png using Guid(15ed8376a7654884f85bfe0469356a35) Importer(815301076,1909f56bfc062723c751e8b465ee728b)  -> (artifact id: '44efbdcc84feb67fe57013eeac9aea9e') in 0.037295 seconds
Number of updated asset objects reloaded before import = 0
Number of asset objects unloaded after import = 3
========================================================================
Received Import Request.
  Time since last request: 0.000041 seconds.
  path: Assets/Controller Icons Pack (by NullSave)/Textures/Outlined/64/dpad3_vertical.png
  artifactKey: Guid(394c6f92234ea2e45ab7630df1b65d3f) Importer(815301076,1909f56bfc062723c751e8b465ee728b)
Start importing Assets/Controller Icons Pack (by NullSave)/Textures/Outlined/64/dpad3_vertical.png using Guid(394c6f92234ea2e45ab7630df1b65d3f) Importer(815301076,1909f56bfc062723c751e8b465ee728b)  -> (artifact id: 'e18b9af6a33de7ac267befe9463e2a5c') in 0.028693 seconds
Number of updated asset objects reloaded before import = 0
Number of asset objects unloaded after import = 3
========================================================================
Received Import Request.
  Time since last request: 0.000030 seconds.
  path: Assets/Controller Icons Pack (by NullSave)/Textures/Outlined/64/dpad3_down.png
  artifactKey: Guid(ac63854a299043d42ac56deb1e2d6d69) Importer(815301076,1909f56bfc062723c751e8b465ee728b)
Start importing Assets/Controller Icons Pack (by NullSave)/Textures/Outlined/64/dpad3_down.png using Guid(ac63854a299043d42ac56deb1e2d6d69) Importer(815301076,1909f56bfc062723c751e8b465ee728b)  -> (artifact id: 'cc419628ced9ed582df6d7eb2fcf36d1') in 0.030427 seconds
Number of updated asset objects reloaded before import = 0
Number of asset objects unloaded after import = 3
========================================================================
Received Import Request.
  Time since last request: 0.698798 seconds.
  path: Assets/Controller Icons Pack (by NullSave)/Textures/Outlined/64/gearvr_touch.png
  artifactKey: Guid(2cbbf513febb146499a76c07d860d982) Importer(815301076,1909f56bfc062723c751e8b465ee728b)
Start importing Assets/Controller Icons Pack (by NullSave)/Textures/Outlined/64/gearvr_touch.png using Guid(2cbbf513febb146499a76c07d860d982) Importer(815301076,1909f56bfc062723c751e8b465ee728b)  -> (artifact id: '43c1e770d314ddd56ba67425607442ab') in 0.030519 seconds
Number of updated asset objects reloaded before import = 0
Number of asset objects unloaded after import = 3
========================================================================
Received Import Request.
  Time since last request: 0.000040 seconds.
  path: Assets/Controller Icons Pack (by NullSave)/Textures/Outlined/64/joystick1_empty.png
  artifactKey: Guid(cbecb0e6b53403c418052ad6d134b5d8) Importer(815301076,1909f56bfc062723c751e8b465ee728b)
Start importing Assets/Controller Icons Pack (by NullSave)/Textures/Outlined/64/joystick1_empty.png using Guid(cbecb0e6b53403c418052ad6d134b5d8) Importer(815301076,1909f56bfc062723c751e8b465ee728b)  -> (artifact id: 'b6d06f002f6adc72c6ec4b511409c159') in 0.027669 seconds
Number of updated asset objects reloaded before import = 0
Number of asset objects unloaded after import = 3
========================================================================
Received Import Request.
  Time since last request: 0.000017 seconds.
  path: Assets/Controller Icons Pack (by NullSave)/Textures/Outlined/64/joystick1_empty_press.png
  artifactKey: Guid(03b5975531309924883859057c87538b) Importer(815301076,1909f56bfc062723c751e8b465ee728b)
Start importing Assets/Controller Icons Pack (by NullSave)/Textures/Outlined/64/joystick1_empty_press.png using Guid(03b5975531309924883859057c87538b) Importer(815301076,1909f56bfc062723c751e8b465ee728b)  -> (artifact id: '878e8a3486ff0045e7101b1eb0337839') in 0.037345 seconds
Number of updated asset objects reloaded before import = 0
Number of asset objects unloaded after import = 3
========================================================================
Received Import Request.
  Time since last request: 0.000101 seconds.
  path: Assets/Controller Icons Pack (by NullSave)/Textures/Outlined/64/joystick1_left_press.png
  artifactKey: Guid(8e59d6d1fe3772a44bfe5183ddc205a7) Importer(815301076,1909f56bfc062723c751e8b465ee728b)
Start importing Assets/Controller Icons Pack (by NullSave)/Textures/Outlined/64/joystick1_left_press.png using Guid(8e59d6d1fe3772a44bfe5183ddc205a7) Importer(815301076,1909f56bfc062723c751e8b465ee728b)  -> (artifact id: 'a1e1acf76afe1af3919d178c80c7b7d4') in 0.025940 seconds
Number of updated asset objects reloaded before import = 0
Number of asset objects unloaded after import = 3
========================================================================
Received Import Request.
  Time since last request: 0.242598 seconds.
  path: Assets/Controller Icons Pack (by NullSave)/Textures/Outlined/64/joystick1_right_press.png
  artifactKey: Guid(477e63b49e88382438d00b2089ffe649) Importer(815301076,1909f56bfc062723c751e8b465ee728b)
Start importing Assets/Controller Icons Pack (by NullSave)/Textures/Outlined/64/joystick1_right_press.png using Guid(477e63b49e88382438d00b2089ffe649) Importer(815301076,1909f56bfc062723c751e8b465ee728b)  -> (artifact id: '31543d5437ca4d7d79b7ef25a3c97dbc') in 0.025386 seconds
Number of updated asset objects reloaded before import = 0
Number of asset objects unloaded after import = 3
========================================================================
Received Import Request.
  Time since last request: 0.000022 seconds.
  path: Assets/Controller Icons Pack (by NullSave)/Textures/Outlined/64/joystick2_empty_press.png
  artifactKey: Guid(a314a13595b1ba642a1566138b87f7f5) Importer(815301076,1909f56bfc062723c751e8b465ee728b)
Start importing Assets/Controller Icons Pack (by NullSave)/Textures/Outlined/64/joystick2_empty_press.png using Guid(a314a13595b1ba642a1566138b87f7f5) Importer(815301076,1909f56bfc062723c751e8b465ee728b)  -> (artifact id: '89ad65bcf6ae684e757feb0bd3f69504') in 0.027335 seconds
Number of updated asset objects reloaded before import = 0
Number of asset objects unloaded after import = 3
========================================================================
Received Import Request.
  Time since last request: 0.000028 seconds.
  path: Assets/Controller Icons Pack (by NullSave)/Textures/Outlined/64/joystick2_right_press.png
  artifactKey: Guid(1c21c45698b744849ac3f3b352ef282b) Importer(815301076,1909f56bfc062723c751e8b465ee728b)
Start importing Assets/Controller Icons Pack (by NullSave)/Textures/Outlined/64/joystick2_right_press.png using Guid(1c21c45698b744849ac3f3b352ef282b) Importer(815301076,1909f56bfc062723c751e8b465ee728b)  -> (artifact id: '1c918713bd29bafb914f668cb9e4f615') in 0.031414 seconds
Number of updated asset objects reloaded before import = 0
Number of asset objects unloaded after import = 3
========================================================================
Received Import Request.
  Time since last request: 0.000086 seconds.
  path: Assets/Controller Icons Pack (by NullSave)/Textures/Outlined/64/joystick2_left_press.png
  artifactKey: Guid(219729d3559389243999560a58aac351) Importer(815301076,1909f56bfc062723c751e8b465ee728b)
Start importing Assets/Controller Icons Pack (by NullSave)/Textures/Outlined/64/joystick2_left_press.png using Guid(219729d3559389243999560a58aac351) Importer(815301076,1909f56bfc062723c751e8b465ee728b)  -> (artifact id: '2197c61037713aa87219d9f77500d0e7') in 0.030732 seconds
Number of updated asset objects reloaded before import = 0
Number of asset objects unloaded after import = 3
========================================================================
Received Import Request.
  Time since last request: 0.705506 seconds.
  path: Assets/Controller Icons Pack (by NullSave)/Textures/Outlined/64/joystick3_empty_press.png
  artifactKey: Guid(5c20b26fadba3244d97964ed819d300e) Importer(815301076,1909f56bfc062723c751e8b465ee728b)
Start importing Assets/Controller Icons Pack (by NullSave)/Textures/Outlined/64/joystick3_empty_press.png using Guid(5c20b26fadba3244d97964ed819d300e) Importer(815301076,1909f56bfc062723c751e8b465ee728b)  -> (artifact id: '9101ed945553b3ff4f3d5cf24cebc9ad') in 0.034318 seconds
Number of updated asset objects reloaded before import = 0
Number of asset objects unloaded after import = 3
========================================================================
Received Import Request.
  Time since last request: 0.001028 seconds.
  path: Assets/Controller Icons Pack (by NullSave)/Textures/Outlined/64/joystick3_right.png
  artifactKey: Guid(0f8245f082ccf9249bae0270fb37743e) Importer(815301076,1909f56bfc062723c751e8b465ee728b)
Start importing Assets/Controller Icons Pack (by NullSave)/Textures/Outlined/64/joystick3_right.png using Guid(0f8245f082ccf9249bae0270fb37743e) Importer(815301076,1909f56bfc062723c751e8b465ee728b)  -> (artifact id: 'b860636a87f4887e91ba3b9cb2a5b01f') in 0.035193 seconds
Number of updated asset objects reloaded before import = 0
Number of asset objects unloaded after import = 3
========================================================================
Received Import Request.
  Time since last request: 0.000019 seconds.
  path: Assets/Controller Icons Pack (by NullSave)/Textures/Outlined/64/keyboard_key.png
  artifactKey: Guid(b3149e59e7d871b41b4cf5913c8d4680) Importer(815301076,1909f56bfc062723c751e8b465ee728b)
Start importing Assets/Controller Icons Pack (by NullSave)/Textures/Outlined/64/keyboard_key.png using Guid(b3149e59e7d871b41b4cf5913c8d4680) Importer(815301076,1909f56bfc062723c751e8b465ee728b)  -> (artifact id: '52978d03e845316cdf64254b98699237') in 0.037320 seconds
Number of updated asset objects reloaded before import = 0
Number of asset objects unloaded after import = 3
========================================================================
Received Import Request.
  Time since last request: 0.451197 seconds.
  path: Assets/Controller Icons Pack (by NullSave)/Textures/Outlined/64/lt_empty.png
  artifactKey: Guid(c76b7a58fad770d47bb82462a69b8db3) Importer(815301076,1909f56bfc062723c751e8b465ee728b)
Start importing Assets/Controller Icons Pack (by NullSave)/Textures/Outlined/64/lt_empty.png using Guid(c76b7a58fad770d47bb82462a69b8db3) Importer(815301076,1909f56bfc062723c751e8b465ee728b)  -> (artifact id: '643695972d5bd6f9727fd04941598241') in 0.026007 seconds
Number of updated asset objects reloaded before import = 0
Number of asset objects unloaded after import = 3
========================================================================
Received Import Request.
  Time since last request: 0.000265 seconds.
  path: Assets/Controller Icons Pack (by NullSave)/Textures/Outlined/64/mouse_none.png
  artifactKey: Guid(32863f1dd8d48dc458e01358fd685639) Importer(815301076,1909f56bfc062723c751e8b465ee728b)
Start importing Assets/Controller Icons Pack (by NullSave)/Textures/Outlined/64/mouse_none.png using Guid(32863f1dd8d48dc458e01358fd685639) Importer(815301076,1909f56bfc062723c751e8b465ee728b)  -> (artifact id: '5360ae6e860faf7f2e97a74efa30ed01') in 0.026856 seconds
Number of updated asset objects reloaded before import = 0
Number of asset objects unloaded after import = 3
Editor requested this worker to shutdown with reason: Scaling down because of idle timeout
TcpMessagingSession - receive error: operation aborted. errorcode: 995, details: ƒXƒŒƒbƒh‚ÌI—¹‚Ü‚½‚ÍƒAƒvƒŠƒP[ƒVƒ‡ƒ“‚Ì—v‹‚É‚æ‚Á‚ÄAI/O ˆ—‚Í’†~‚³‚ê‚Ü‚µ‚½B
AssetImportWorker is now disconnected from the server
Process exiting
Exiting without the bug reporter. Application will terminate with return code 0