Using pre-set license
Built from '2022.3/staging' branch; Version is '2022.3.7f1 (b16b3b16c7a0) revision 11627323'; Using compiler version '192829333'; Build Type 'Release'
OS: 'Windows 10  (10.0.19045) 64bit Core' Language: 'ja' Physical Memory: 15971 MB
BatchMode: 1, IsHumanControllingUs: 0, StartBugReporterOnCrash: 0, Is64bit: 1, IsPro: 1

COMMAND LINE ARGUMENTS:
C:\Program Files\Unity\Hub\Editor\2022.3.7f1\Editor\Unity.exe
-adb2
-batchMode
-noUpm
-name
AssetImportWorker4
-projectPath
C:/Users/makiy/OneDrive/デスクトップ/Picture_Books_Main/seens2
-logFile
Logs/AssetImportWorker4.log
-srvPort
56937
Successfully changed project path to: C:/Users/makiy/OneDrive/デスクトップ/Picture_Books_Main/seens2
C:/Users/makiy/OneDrive/デスクトップ/Picture_Books_Main/seens2
[UnityMemory] Configuration Parameters - Can be set up in boot.config
    "memorysetup-bucket-allocator-granularity=16"
    "memorysetup-bucket-allocator-bucket-count=8"
    "memorysetup-bucket-allocator-block-size=33554432"
    "memorysetup-bucket-allocator-block-count=8"
    "memorysetup-main-allocator-block-size=16777216"
    "memorysetup-thread-allocator-block-size=16777216"
    "memorysetup-gfx-main-allocator-block-size=16777216"
    "memorysetup-gfx-thread-allocator-block-size=16777216"
    "memorysetup-cache-allocator-block-size=4194304"
    "memorysetup-typetree-allocator-block-size=2097152"
    "memorysetup-profiler-bucket-allocator-granularity=16"
    "memorysetup-profiler-bucket-allocator-bucket-count=8"
    "memorysetup-profiler-bucket-allocator-block-size=33554432"
    "memorysetup-profiler-bucket-allocator-block-count=8"
    "memorysetup-profiler-allocator-block-size=16777216"
    "memorysetup-profiler-editor-allocator-block-size=1048576"
    "memorysetup-temp-allocator-size-main=16777216"
    "memorysetup-job-temp-allocator-block-size=2097152"
    "memorysetup-job-temp-allocator-block-size-background=1048576"
    "memorysetup-job-temp-allocator-reduction-small-platforms=262144"
    "memorysetup-allocator-temp-initial-block-size-main=262144"
    "memorysetup-allocator-temp-initial-block-size-worker=262144"
    "memorysetup-temp-allocator-size-background-worker=32768"
    "memorysetup-temp-allocator-size-job-worker=262144"
    "memorysetup-temp-allocator-size-preload-manager=33554432"
    "memorysetup-temp-allocator-size-nav-mesh-worker=65536"
    "memorysetup-temp-allocator-size-audio-worker=65536"
    "memorysetup-temp-allocator-size-cloud-worker=32768"
    "memorysetup-temp-allocator-size-gi-baking-worker=262144"
    "memorysetup-temp-allocator-size-gfx=262144"
Player connection [31484] Host "[IP] 192.168.240.237 [Port] 0 [Flags] 2 [Guid] 2700773027 [EditorId] 2700773027 [Version] 1048832 [Id] WindowsEditor(7,DESKTOP-2LLT2NT) [Debug] 1 [PackageName] WindowsEditor [ProjectName] Editor" joined multi-casting on [225.0.0.222:54997]...

Player connection [31484] Host "[IP] 192.168.240.237 [Port] 0 [Flags] 2 [Guid] 2700773027 [EditorId] 2700773027 [Version] 1048832 [Id] WindowsEditor(7,DESKTOP-2LLT2NT) [Debug] 1 [PackageName] WindowsEditor [ProjectName] Editor" joined alternative multi-casting on [225.0.0.222:34997]...

Refreshing native plugins compatible for Editor in 9.25 ms, found 3 plugins.
Preloading 0 native plugins for Editor in 0.00 ms.
Initialize engine version: 2022.3.7f1 (b16b3b16c7a0)
[Subsystems] Discovering subsystems at path C:/Program Files/Unity/Hub/Editor/2022.3.7f1/Editor/Data/Resources/UnitySubsystems
[Subsystems] Discovering subsystems at path C:/Users/makiy/OneDrive/デスクトップ/Picture_Books_Main/seens2/Assets
GfxDevice: creating device client; threaded=0; jobified=0
Direct3D:
    Version:  Direct3D 11.0 [level 11.1]
    Renderer: NVIDIA GeForce RTX 3060 Laptop GPU (ID=0x2520)
    Vendor:   NVIDIA
    VRAM:     6009 MB
    Driver:   31.0.15.3179
Initialize mono
Mono path[0] = 'C:/Program Files/Unity/Hub/Editor/2022.3.7f1/Editor/Data/Managed'
Mono path[1] = 'C:/Program Files/Unity/Hub/Editor/2022.3.7f1/Editor/Data/MonoBleedingEdge/lib/mono/unityjit-win32'
Mono config path = 'C:/Program Files/Unity/Hub/Editor/2022.3.7f1/Editor/Data/MonoBleedingEdge/etc'
Using monoOptions --debugger-agent=transport=dt_socket,embedding=1,server=y,suspend=n,address=127.0.0.1:56812
Begin MonoManager ReloadAssembly
Registering precompiled unity dll's ...
Register platform support module: C:/Program Files/Unity/Hub/Editor/2022.3.7f1/Editor/Data/PlaybackEngines/WindowsStandaloneSupport/UnityEditor.WindowsStandalone.Extensions.dll
Registered in 0.013064 seconds.
- Loaded All Assemblies, in  0.386 seconds
Native extension for WindowsStandalone target not found
Mono: successfully reloaded assembly
- Finished resetting the current domain, in  0.248 seconds
Domain Reload Profiling: 631ms
	BeginReloadAssembly (116ms)
		ExecutionOrderSort (0ms)
		DisableScriptedObjects (0ms)
		BackupInstance (0ms)
		ReleaseScriptingObjects (0ms)
		CreateAndSetChildDomain (2ms)
	RebuildCommonClasses (41ms)
	RebuildNativeTypeToScriptingClass (9ms)
	initialDomainReloadingComplete (72ms)
	LoadAllAssembliesAndSetupDomain (145ms)
		LoadAssemblies (111ms)
		RebuildTransferFunctionScriptingTraits (0ms)
		AnalyzeDomain (143ms)
			TypeCache.Refresh (141ms)
				TypeCache.ScanAssembly (128ms)
			ScanForSourceGeneratedMonoScriptInfo (0ms)
			ResolveRequiredComponents (1ms)
	FinalizeReload (248ms)
		ReleaseScriptCaches (0ms)
		RebuildScriptCaches (0ms)
		SetupLoadedEditorAssemblies (181ms)
			LogAssemblyErrors (0ms)
			InitializePlatformSupportModulesInManaged (9ms)
			SetLoadedEditorAssemblies (9ms)
			RefreshPlugins (0ms)
			BeforeProcessingInitializeOnLoad (2ms)
			ProcessInitializeOnLoadAttributes (112ms)
			ProcessInitializeOnLoadMethodAttributes (49ms)
			AfterProcessingInitializeOnLoad (0ms)
			EditorAssembliesLoaded (0ms)
		ExecutionOrderSort2 (0ms)
		AwakeInstancesAfterBackupRestoration (0ms)
========================================================================
Worker process is ready to serve import requests
Begin MonoManager ReloadAssembly
- Loaded All Assemblies, in  0.676 seconds
Refreshing native plugins compatible for Editor in 5.27 ms, found 3 plugins.
Native extension for WindowsStandalone target not found
Package Manager log level set to [2]
[Package Manager] Server::EnsureServerProcessIsRunning -- launch failed, reason: Unity was launched with the -noUpm command-line argument
[Package Manager] UpmClient::Send -- Unable to send message (not connected to UPM process).
[Package Manager] Cannot connect to Unity Package Manager local server
Mono: successfully reloaded assembly
- Finished resetting the current domain, in  0.541 seconds
Domain Reload Profiling: 1214ms
	BeginReloadAssembly (191ms)
		ExecutionOrderSort (0ms)
		DisableScriptedObjects (4ms)
		BackupInstance (0ms)
		ReleaseScriptingObjects (0ms)
		CreateAndSetChildDomain (32ms)
	RebuildCommonClasses (28ms)
	RebuildNativeTypeToScriptingClass (8ms)
	initialDomainReloadingComplete (49ms)
	LoadAllAssembliesAndSetupDomain (396ms)
		LoadAssemblies (323ms)
		RebuildTransferFunctionScriptingTraits (0ms)
		AnalyzeDomain (166ms)
			TypeCache.Refresh (146ms)
				TypeCache.ScanAssembly (131ms)
			ScanForSourceGeneratedMonoScriptInfo (13ms)
			ResolveRequiredComponents (6ms)
	FinalizeReload (541ms)
		ReleaseScriptCaches (0ms)
		RebuildScriptCaches (0ms)
		SetupLoadedEditorAssemblies (388ms)
			LogAssemblyErrors (0ms)
			InitializePlatformSupportModulesInManaged (5ms)
			SetLoadedEditorAssemblies (7ms)
			RefreshPlugins (0ms)
			BeforeProcessingInitializeOnLoad (73ms)
			ProcessInitializeOnLoadAttributes (279ms)
			ProcessInitializeOnLoadMethodAttributes (16ms)
			AfterProcessingInitializeOnLoad (8ms)
			EditorAssembliesLoaded (0ms)
		ExecutionOrderSort2 (0ms)
		AwakeInstancesAfterBackupRestoration (5ms)
Launched and connected shader compiler UnityShaderCompiler.exe after 0.07 seconds
Refreshing native plugins compatible for Editor in 3.04 ms, found 3 plugins.
Preloading 0 native plugins for Editor in 0.00 ms.
Unloading 3149 Unused Serialized files (Serialized files now loaded: 0)
Unloading 31 unused Assets / (56.6 KB). Loaded Objects now: 3613.
Memory consumption went from 124.7 MB to 124.6 MB.
Total: 4.856000 ms (FindLiveObjects: 0.297800 ms CreateObjectMapping: 0.247600 ms MarkObjects: 4.193000 ms  DeleteObjects: 0.116700 ms)

AssetImportParameters requested are different than current active one (requested -> active):
  custom:container-demuxer-ogg: 62fdf1f143b41e24485cea50d1cbac27 -> 
  custom:video-codec-MediaFoundation-h265: 746d11721c4dcdbdad8f713fa42b33f4 -> 
  custom:video-decoder-ogg-theora: a1e56fd34408186e4bbccfd4996cb3dc -> 
  custom:framework-win-MediaFoundation: 216162199b28c13a410421893ffa2e32 -> 
  custom:CustomObjectIndexerAttribute: 756ad292c208cfabdd7b50bc23989ffe -> 
  custom:container-demuxer-webm: 4f35f7cbe854078d1ac9338744f61a02 -> 
  custom:container-muxer-webm: aa71ff27fc2769a1b78a27578f13a17b -> 
  custom:video-decoder-webm-vp8: 9c59270c3fd7afecdb556c50c9e8de78 -> 
  custom:SearchIndexIgnoredProperties: e643bd26f0fe6173181afceb89e7c659 -> 
  custom:AudioImporter_EditorPlatform: d09bf68614088b80899f8185d706f6e7 -> 
  custom:video-encoder-webm-vp8: eb34c28f22e8b96e1ab97ce403110664 -> 
  custom:audio-decoder-ogg-vorbis: bf7c407c2cedff20999df2af8eb42d56 -> 
  custom:audio-encoder-webm-vorbis: bf7c407c2cedff20999df2af8eb42d56 -> 
========================================================================
Received Import Request.
  Time since last request: 169681.138348 seconds.
  path: Assets/asetts_proto/Plane.prefab
  artifactKey: Guid(f0bac996e1470b44fbe714aa9068cb99) Importer(815301076,1909f56bfc062723c751e8b465ee728b)
Start importing Assets/asetts_proto/Plane.prefab using Guid(f0bac996e1470b44fbe714aa9068cb99) Importer(815301076,1909f56bfc062723c751e8b465ee728b)  -> (artifact id: '41422b80db48293c6237e89fd6ffc9ae') in 0.164486 seconds
Number of updated asset objects reloaded before import = 0
Number of asset objects unloaded after import = 7
========================================================================
Received Import Request.
  Time since last request: 437.573317 seconds.
  path: Assets/ningyohimeassets/ane1.png
  artifactKey: Guid(ecd02e84df3c65f4897b328147ade4b0) Importer(815301076,1909f56bfc062723c751e8b465ee728b)
Start importing Assets/ningyohimeassets/ane1.png using Guid(ecd02e84df3c65f4897b328147ade4b0) Importer(815301076,1909f56bfc062723c751e8b465ee728b)  -> (artifact id: '518ac1281c217e74f91dec6282cd26d1') in 0.069527 seconds
Number of updated asset objects reloaded before import = 0
Number of asset objects unloaded after import = 3
========================================================================
Received Import Request.
  Time since last request: 4.524762 seconds.
  path: Assets/ningyohimeassets/ane2.png
  artifactKey: Guid(7550dc1d6d4f8e748ab6104114667d8f) Importer(815301076,1909f56bfc062723c751e8b465ee728b)
Start importing Assets/ningyohimeassets/ane2.png using Guid(7550dc1d6d4f8e748ab6104114667d8f) Importer(815301076,1909f56bfc062723c751e8b465ee728b)  -> (artifact id: 'c14c306be47df3b346284049b37cce26') in 0.047043 seconds
Number of updated asset objects reloaded before import = 0
Number of asset objects unloaded after import = 3
========================================================================
Received Import Request.
  Time since last request: 89.345384 seconds.
  path: Assets/assets_α1/materials
  artifactKey: Guid(e9be74ab620407249ab36755613c26d9) Importer(815301076,1909f56bfc062723c751e8b465ee728b)
Start importing Assets/assets_α1/materials using Guid(e9be74ab620407249ab36755613c26d9) Importer(815301076,1909f56bfc062723c751e8b465ee728b)  -> (artifact id: 'ccdb257b7a76e3a35256e20ec51fef35') in 0.051184 seconds
Number of updated asset objects reloaded before import = 0
Number of asset objects unloaded after import = 0
========================================================================
Received Import Request.
  Time since last request: 0.016343 seconds.
  path: Assets/assets_α1/materials/house1.mat
  artifactKey: Guid(5449a38a860089542ac7fad0bc0f212f) Importer(815301076,1909f56bfc062723c751e8b465ee728b)
Start importing Assets/assets_α1/materials/house1.mat using Guid(5449a38a860089542ac7fad0bc0f212f) Importer(815301076,1909f56bfc062723c751e8b465ee728b)  -> (artifact id: 'a5080c3ed7dbc6118b5195430b1f5e86') in 0.066531 seconds
Number of updated asset objects reloaded before import = 0
Number of asset objects unloaded after import = 2
========================================================================
Received Import Request.
  Time since last request: 0.024938 seconds.
  path: Assets/assets_α1/materials/ship_back.mat
  artifactKey: Guid(435073023d793324aa9c3911f8a5decf) Importer(815301076,1909f56bfc062723c751e8b465ee728b)
Start importing Assets/assets_α1/materials/ship_back.mat using Guid(435073023d793324aa9c3911f8a5decf) Importer(815301076,1909f56bfc062723c751e8b465ee728b)  -> (artifact id: 'eb6ce517cebfcf3af2cb52725bd521b0') in 0.036960 seconds
Number of updated asset objects reloaded before import = 0
Number of asset objects unloaded after import = 2
========================================================================
Received Import Request.
  Time since last request: 0.000045 seconds.
  path: Assets/assets_α1/materials/ship_center.mat
  artifactKey: Guid(3301b1788a4cbe7498bf607a34848774) Importer(815301076,1909f56bfc062723c751e8b465ee728b)
Start importing Assets/assets_α1/materials/ship_center.mat using Guid(3301b1788a4cbe7498bf607a34848774) Importer(815301076,1909f56bfc062723c751e8b465ee728b)  -> (artifact id: '3c82341fc50a2020184d9f7855cff79b') in 0.037919 seconds
Number of updated asset objects reloaded before import = 0
Number of asset objects unloaded after import = 2
========================================================================
Received Import Request.
  Time since last request: 434.893009 seconds.
  path: Assets/ningyohimeassets/Materials/sakana1-2.mat
  artifactKey: Guid(330f78de49b37954d8db9ae8803e2bf4) Importer(815301076,1909f56bfc062723c751e8b465ee728b)
Start importing Assets/ningyohimeassets/Materials/sakana1-2.mat using Guid(330f78de49b37954d8db9ae8803e2bf4) Importer(815301076,1909f56bfc062723c751e8b465ee728b)  -> (artifact id: 'd1216d0a1a54d7f92f58743e4b365a53') in 0.044576 seconds
Number of updated asset objects reloaded before import = 0
Number of asset objects unloaded after import = 2
========================================================================
Received Import Request.
  Time since last request: 6.898442 seconds.
  path: Assets/asetts_proto/Materials/mameido_player.mat
  artifactKey: Guid(786b2c07d717d09499aa88f6f3aa1c14) Importer(815301076,1909f56bfc062723c751e8b465ee728b)
Start importing Assets/asetts_proto/Materials/mameido_player.mat using Guid(786b2c07d717d09499aa88f6f3aa1c14) Importer(815301076,1909f56bfc062723c751e8b465ee728b)  -> (artifact id: '0189a2bc614f8f8701ccb78b8660c2dc') in 0.024749 seconds
Number of updated asset objects reloaded before import = 0
Number of asset objects unloaded after import = 2
========================================================================
Received Import Request.
  Time since last request: 153.776680 seconds.
  path: Assets/ningyohimeassets/wrestler1.png
  artifactKey: Guid(254a836160623c541bfbb6f485052670) Importer(815301076,1909f56bfc062723c751e8b465ee728b)
Start importing Assets/ningyohimeassets/wrestler1.png using Guid(254a836160623c541bfbb6f485052670) Importer(815301076,1909f56bfc062723c751e8b465ee728b)  -> (artifact id: 'dcdb52193656efbb09b9153da0aa7ada') in 0.045768 seconds
Number of updated asset objects reloaded before import = 0
Number of asset objects unloaded after import = 3
========================================================================
Received Import Request.
  Time since last request: 4.127924 seconds.
  path: Assets/ningyohimeassets/wrestler2.png
  artifactKey: Guid(5ddfe59962e20bf44a3a83fed67b4c6c) Importer(815301076,1909f56bfc062723c751e8b465ee728b)
Start importing Assets/ningyohimeassets/wrestler2.png using Guid(5ddfe59962e20bf44a3a83fed67b4c6c) Importer(815301076,1909f56bfc062723c751e8b465ee728b)  -> (artifact id: '090e7c552b29793c0367638a2252ecf3') in 0.041542 seconds
Number of updated asset objects reloaded before import = 0
Number of asset objects unloaded after import = 3
========================================================================
Received Import Request.
  Time since last request: 3.841849 seconds.
  path: Assets/ningyohimeassets/wrestler3.png
  artifactKey: Guid(7a2ae1e359351f74faf90072ed46e438) Importer(815301076,1909f56bfc062723c751e8b465ee728b)
Start importing Assets/ningyohimeassets/wrestler3.png using Guid(7a2ae1e359351f74faf90072ed46e438) Importer(815301076,1909f56bfc062723c751e8b465ee728b)  -> (artifact id: '92bf32480e6280f4fc382a128b5fc89e') in 0.035783 seconds
Number of updated asset objects reloaded before import = 0
Number of asset objects unloaded after import = 3
========================================================================
Received Import Request.
  Time since last request: 177.100797 seconds.
  path: Assets/ningyohimeassets/Materials/wrestler2.mat
  artifactKey: Guid(6461545984e98e4458015bce53284f3d) Importer(815301076,1909f56bfc062723c751e8b465ee728b)
Start importing Assets/ningyohimeassets/Materials/wrestler2.mat using Guid(6461545984e98e4458015bce53284f3d) Importer(815301076,1909f56bfc062723c751e8b465ee728b)  -> (artifact id: '1dfd337dda0d21c0913963280a6cc647') in 0.024423 seconds
Number of updated asset objects reloaded before import = 0
Number of asset objects unloaded after import = 2
========================================================================
Received Import Request.
  Time since last request: 8.167902 seconds.
  path: Assets/ningyohimeassets/Plane.prefab
  artifactKey: Guid(f0ca29d34f700c54c97c2a89f0e36237) Importer(815301076,1909f56bfc062723c751e8b465ee728b)
Start importing Assets/ningyohimeassets/Plane.prefab using Guid(f0ca29d34f700c54c97c2a89f0e36237) Importer(815301076,1909f56bfc062723c751e8b465ee728b)  -> (artifact id: 'd223265033a918b7a9fc9faed14870cc') in 0.015565 seconds
Number of updated asset objects reloaded before import = 0
Number of asset objects unloaded after import = 7
